{"meta": {"version": "7.3.2", "timestamp": "2025-11-03T09:07:51.308078", "branch_coverage": false, "show_contexts": false}, "files": {"app\\__init__.py": {"executed_lines": [1, 9, 10, 11], "summary": {"covered_lines": 3, "num_statements": 3, "percent_covered": 100.0, "percent_covered_display": "100", "missing_lines": 0, "excluded_lines": 0}, "missing_lines": [], "excluded_lines": []}, "app\\agents\\api\\__init__.py": {"executed_lines": [1, 7, 9], "summary": {"covered_lines": 2, "num_statements": 2, "percent_covered": 100.0, "percent_covered_display": "100", "missing_lines": 0, "excluded_lines": 0}, "missing_lines": [], "excluded_lines": []}, "app\\agents\\api\\api_agent.py": {"executed_lines": [1, 11, 12, 13, 14, 15, 17, 18, 20, 22, 23, 25, 43, 80, 128, 133, 184, 203, 212, 242, 283, 323], "summary": {"covered_lines": 20, "num_statements": 157, "percent_covered": 12.738853503184714, "percent_covered_display": "13", "missing_lines": 137, "excluded_lines": 0}, "missing_lines": [26, 27, 34, 37, 40, 41, 45, 47, 49, 51, 52, 56, 57, 61, 62, 66, 67, 68, 70, 71, 73, 74, 75, 76, 78, 82, 84, 87, 88, 89, 90, 91, 93, 94, 95, 96, 97, 99, 100, 101, 102, 103, 105, 106, 107, 108, 109, 111, 112, 114, 115, 117, 118, 119, 120, 122, 124, 125, 130, 131, 136, 138, 139, 141, 143, 144, 145, 146, 148, 149, 151, 153, 159, 162, 163, 164, 165, 167, 168, 175, 176, 178, 180, 181, 182, 186, 192, 193, 194, 195, 196, 197, 200, 201, 206, 207, 208, 209, 210, 214, 215, 216, 217, 218, 219, 228, 229, 230, 232, 248, 250, 252, 254, 255, 263, 264, 266, 274, 275, 276, 287, 288, 291, 292, 295, 296, 298, 327, 330, 331, 332, 333, 334, 335, 336, 337, 340], "excluded_lines": []}, "app\\agents\\database\\__init__.py": {"executed_lines": [1], "summary": {"covered_lines": 0, "num_statements": 0, "percent_covered": 100.0, "percent_covered_display": "100", "missing_lines": 0, "excluded_lines": 0}, "missing_lines": [], "excluded_lines": []}, "app\\agents\\database\\database_agent.py": {"executed_lines": [1, 12, 13, 14, 15, 16, 18, 19, 20, 21, 22, 24, 27, 28, 42, 60, 110, 119, 129, 151, 173, 209, 248, 284, 349, 388, 428, 476, 527, 576, 581, 586, 596, 661], "summary": {"covered_lines": 32, "num_statements": 252, "percent_covered": 12.698412698412698, "percent_covered_display": "13", "missing_lines": 220, "excluded_lines": 0}, "missing_lines": [47, 48, 54, 55, 58, 61, 64, 65, 66, 67, 68, 71, 72, 73, 74, 75, 76, 78, 81, 82, 83, 84, 85, 88, 89, 90, 91, 92, 95, 96, 97, 98, 99, 102, 103, 104, 105, 106, 108, 112, 114, 115, 116, 117, 121, 122, 124, 125, 126, 127, 131, 133, 142, 144, 145, 146, 147, 148, 149, 153, 154, 156, 157, 158, 160, 161, 162, 163, 165, 167, 168, 169, 171, 175, 176, 179, 182, 189, 190, 193, 194, 195, 198, 199, 201, 203, 204, 205, 207, 211, 213, 214, 215, 216, 217, 218, 219, 223, 224, 226, 228, 230, 232, 234, 236, 238, 240, 243, 250, 251, 259, 260, 268, 273, 274, 278, 279, 286, 287, 289, 292, 321, 322, 324, 325, 326, 327, 328, 330, 332, 340, 341, 342, 347, 351, 352, 355, 356, 358, 359, 360, 361, 362, 363, 366, 367, 368, 369, 371, 372, 373, 375, 380, 381, 386, 390, 391, 394, 401, 408, 416, 431, 434, 444, 454, 465, 478, 506, 515, 529, 530, 533, 534, 535, 536, 538, 545, 554, 556, 560, 565, 578, 579, 583, 584, 588, 598, 600, 603, 604, 606, 607, 608, 610, 611, 612, 613, 615, 617, 618, 620, 622, 623, 624, 625, 626, 627, 629, 630, 632, 633, 635, 636, 638, 640, 646, 664, 665, 666, 668], "excluded_lines": []}, "app\\agents\\infrastructure\\__init__.py": {"executed_lines": [1], "summary": {"covered_lines": 0, "num_statements": 0, "percent_covered": 100.0, "percent_covered_display": "100", "missing_lines": 0, "excluded_lines": 0}, "missing_lines": [], "excluded_lines": []}, "app\\agents\\infrastructure\\infra_agent.py": {"executed_lines": [1, 2, 3, 5, 6, 7, 9, 12, 13, 21, 36, 73, 119, 159, 205, 247, 252, 257, 268], "summary": {"covered_lines": 18, "num_statements": 104, "percent_covered": 17.307692307692307, "percent_covered_display": "17", "missing_lines": 86, "excluded_lines": 0}, "missing_lines": [27, 28, 31, 32, 34, 37, 40, 43, 44, 47, 48, 49, 51, 52, 53, 54, 55, 58, 59, 60, 61, 62, 65, 66, 67, 68, 69, 71, 75, 78, 79, 86, 87, 88, 93, 94, 101, 103, 105, 107, 109, 111, 113, 121, 122, 125, 132, 139, 147, 161, 164, 174, 184, 194, 207, 226, 235, 249, 250, 254, 255, 259, 269, 270, 273, 274, 276, 277, 278, 280, 281, 283, 285, 286, 287, 288, 289, 290, 292, 293, 295, 296, 298, 299, 301, 303], "excluded_lines": []}, "app\\agents\\master_orchestrator.py": {"executed_lines": [1, 16, 17, 18, 19, 20, 21, 22, 23, 24, 26, 28, 31, 32, 33, 34, 35, 36, 37, 38, 39, 42, 43, 44, 45, 46, 47, 50, 51, 52, 53, 54, 55, 56, 57, 58, 59, 60, 61, 62, 63, 64, 66, 67, 72, 73, 74, 75, 76, 77, 78, 80, 81, 85, 86, 91, 92, 93, 94, 95, 96, 97, 98, 99, 100, 103, 104, 111, 141, 169, 203, 217, 241, 261, 281, 300, 354, 369, 386, 402, 464, 476, 490, 510, 540, 566, 581, 628, 649, 654, 661, 666, 672, 702, 737, 753, 814, 846, 892, 903, 915], "summary": {"covered_lines": 94, "num_statements": 359, "percent_covered": 26.18384401114206, "percent_covered_display": "26", "missing_lines": 265, "excluded_lines": 0}, "missing_lines": [69, 83, 88, 112, 115, 118, 121, 124, 127, 130, 133, 139, 143, 158, 159, 160, 167, 171, 174, 175, 176, 177, 178, 181, 182, 183, 184, 185, 188, 189, 190, 191, 192, 195, 196, 197, 198, 199, 201, 205, 206, 213, 214, 215, 219, 220, 228, 229, 231, 232, 234, 237, 238, 239, 243, 252, 254, 255, 256, 257, 259, 263, 265, 266, 267, 268, 269, 270, 271, 272, 273, 274, 276, 283, 285, 286, 287, 290, 291, 292, 294, 302, 304, 306, 307, 308, 316, 319, 322, 323, 324, 325, 326, 327, 329, 330, 333, 334, 336, 345, 346, 347, 356, 357, 365, 366, 367, 371, 372, 380, 381, 382, 383, 384, 388, 393, 395, 396, 397, 398, 400, 404, 405, 410, 413, 414, 421, 422, 423, 430, 432, 434, 436, 437, 438, 439, 441, 448, 449, 456, 457, 466, 467, 469, 470, 471, 472, 474, 480, 482, 492, 494, 496, 498, 504, 505, 512, 513, 519, 521, 522, 529, 531, 549, 552, 553, 556, 557, 564, 568, 570, 571, 573, 579, 583, 613, 614, 625, 626, 630, 633, 634, 636, 638, 651, 652, 656, 657, 658, 659, 663, 668, 669, 670, 675, 705, 706, 709, 711, 739, 755, 758, 759, 760, 761, 764, 765, 766, 767, 768, 771, 772, 773, 774, 784, 788, 791, 792, 794, 795, 796, 797, 798, 799, 800, 801, 802, 803, 804, 807, 808, 809, 810, 812, 816, 819, 821, 822, 825, 827, 828, 831, 832, 835, 836, 839, 841, 842, 844, 848, 895, 905, 906, 907, 913, 917, 920, 921, 922, 930, 931, 932, 940, 941, 948], "excluded_lines": []}, "app\\algorithms\\base_algorithm.py": {"executed_lines": [1, 22, 23, 24, 25, 26, 27, 28, 29, 32, 33, 34, 35, 36, 37, 38, 39, 40, 41, 42, 43, 46, 47, 48, 61, 62, 63, 64, 65, 66, 67, 68, 69, 70, 71, 72, 75, 76, 77, 86, 87, 88, 89, 90, 91, 92, 93, 96, 97, 108, 123, 124, 141, 142, 158, 193, 231, 272, 333, 437, 513, 573, 574, 589, 637, 653, 654], "summary": {"covered_lines": 62, "num_statements": 201, "percent_covered": 30.845771144278608, "percent_covered_display": "31", "missing_lines": 139, "excluded_lines": 0}, "missing_lines": [116, 117, 118, 119, 120, 121, 139, 156, 174, 175, 178, 179, 180, 183, 184, 186, 187, 188, 189, 191, 213, 214, 217, 218, 221, 222, 226, 227, 229, 247, 248, 251, 252, 254, 256, 257, 258, 259, 261, 262, 265, 266, 269, 270, 288, 297, 298, 299, 300, 301, 302, 303, 304, 307, 308, 309, 310, 311, 312, 314, 315, 316, 317, 320, 321, 324, 325, 326, 327, 328, 329, 331, 348, 351, 352, 368, 369, 385, 386, 402, 403, 419, 420, 435, 454, 455, 457, 464, 465, 466, 468, 469, 472, 475, 477, 480, 481, 482, 484, 494, 496, 497, 498, 501, 502, 510, 511, 526, 527, 529, 530, 533, 534, 535, 541, 542, 543, 549, 550, 551, 552, 555, 556, 561, 562, 565, 566, 570, 571, 587, 602, 635, 644, 651, 664, 665, 669, 670, 671], "excluded_lines": []}, "app\\algorithms\\gzip\\__init__.py": {"executed_lines": [1, 29, 30, 31, 32, 33, 35, 44], "summary": {"covered_lines": 7, "num_statements": 7, "percent_covered": 100.0, "percent_covered_display": "100", "missing_lines": 0, "excluded_lines": 0}, "missing_lines": [], "excluded_lines": []}, "app\\algorithms\\gzip\\versions\\v1_basic.py": {"executed_lines": [1, 21, 22, 23, 24, 25, 26, 28, 29, 30, 31, 34, 35, 43, 77, 163, 197, 226, 289, 336, 369], "summary": {"covered_lines": 19, "num_statements": 112, "percent_covered": 16.964285714285715, "percent_covered_display": "17", "missing_lines": 93, "excluded_lines": 0}, "missing_lines": [59, 60, 63, 64, 65, 66, 69, 99, 102, 103, 106, 107, 110, 111, 116, 117, 121, 122, 125, 126, 127, 130, 154, 155, 156, 157, 158, 160, 161, 184, 185, 186, 187, 189, 191, 192, 194, 195, 215, 216, 221, 222, 224, 241, 250, 251, 252, 253, 255, 266, 268, 270, 271, 273, 281, 287, 306, 312, 313, 316, 317, 318, 319, 320, 321, 323, 324, 327, 328, 329, 330, 332, 334, 350, 351, 357, 358, 359, 362, 363, 366, 367, 382, 383, 388, 389, 390, 391, 394, 396, 406, 409, 415], "excluded_lines": []}, "app\\algorithms\\gzip\\versions\\v2_strategy.py": {"executed_lines": [1, 24, 25, 26, 27, 28, 29, 30, 31, 33, 34, 35, 36, 39, 40, 42, 43, 47, 48, 52, 53, 58, 59, 61, 75, 78, 99, 113, 125, 126, 128, 160, 163, 185, 186, 188, 216, 219, 248, 249, 251, 294, 297, 330, 331, 338, 360, 408, 484, 544, 557, 568, 609], "summary": {"covered_lines": 46, "num_statements": 251, "percent_covered": 18.326693227091635, "percent_covered_display": "18", "missing_lines": 205, "excluded_lines": 0}, "missing_lines": [45, 50, 55, 73, 76, 85, 86, 89, 92, 95, 96, 97, 101, 102, 103, 104, 105, 106, 107, 108, 109, 110, 111, 115, 116, 117, 118, 119, 120, 121, 122, 145, 146, 147, 148, 150, 153, 154, 155, 158, 161, 170, 171, 174, 175, 178, 179, 180, 181, 182, 201, 202, 205, 206, 207, 210, 211, 212, 214, 217, 226, 227, 230, 231, 232, 234, 235, 236, 237, 238, 241, 242, 243, 244, 245, 265, 266, 269, 270, 271, 273, 274, 275, 276, 278, 280, 281, 284, 285, 286, 288, 291, 292, 295, 304, 305, 308, 309, 310, 311, 312, 313, 314, 315, 316, 317, 318, 319, 322, 323, 324, 325, 326, 327, 345, 346, 349, 357, 358, 378, 379, 382, 383, 384, 387, 388, 390, 392, 395, 396, 399, 406, 425, 428, 431, 434, 437, 438, 441, 442, 443, 446, 447, 448, 449, 450, 452, 454, 457, 460, 481, 482, 500, 501, 504, 506, 508, 509, 511, 512, 513, 514, 515, 516, 518, 520, 521, 523, 525, 526, 528, 529, 530, 531, 532, 533, 534, 536, 537, 538, 542, 554, 555, 564, 565, 566, 575, 583, 584, 585, 588, 589, 590, 599, 604, 605, 607, 622, 625, 628, 629, 630, 631, 634, 636], "excluded_lines": []}, "app\\algorithms\\gzip\\versions\\v3_decorator.py": {"executed_lines": [1, 6, 7, 8, 9, 10, 13, 14, 18, 23, 47, 54, 58, 63, 78, 89, 90, 94, 105, 115], "summary": {"covered_lines": 17, "num_statements": 69, "percent_covered": 24.63768115942029, "percent_covered_display": "25", "missing_lines": 52, "excluded_lines": 0}, "missing_lines": [19, 20, 21, 25, 27, 28, 31, 32, 34, 42, 44, 45, 49, 50, 51, 52, 56, 60, 65, 66, 67, 68, 69, 71, 72, 74, 75, 80, 81, 82, 83, 84, 85, 86, 95, 96, 97, 100, 101, 102, 103, 107, 108, 111, 113, 117, 118, 120, 121, 123, 124, 126], "excluded_lines": []}, "app\\algorithms\\gzip\\versions\\v4_adaptive.py": {"executed_lines": [1, 22, 23, 24, 25, 26, 27, 28, 29, 30, 32, 33, 34, 35, 38, 39, 40, 41, 42, 43, 44, 45, 46, 49, 50, 52, 53, 57, 58, 62, 63, 68, 69, 71, 75, 106, 126, 142, 167, 176, 197, 211, 221, 233, 245, 246, 248, 252, 256, 300, 309, 331, 351, 352, 362, 375, 434, 456, 478, 496, 511, 523], "summary": {"covered_lines": 56, "num_statements": 248, "percent_covered": 22.580645161290324, "percent_covered_display": "23", "missing_lines": 192, "excluded_lines": 0}, "missing_lines": [55, 60, 65, 72, 73, 77, 78, 81, 82, 85, 88, 91, 94, 96, 108, 109, 112, 113, 114, 117, 118, 119, 120, 121, 122, 124, 128, 129, 132, 133, 135, 136, 137, 138, 140, 144, 145, 148, 149, 151, 152, 155, 156, 159, 160, 162, 163, 165, 169, 174, 178, 179, 181, 182, 184, 185, 186, 188, 189, 190, 192, 193, 195, 199, 200, 202, 203, 204, 205, 206, 207, 209, 213, 215, 216, 217, 219, 223, 224, 226, 227, 228, 229, 231, 237, 238, 241, 242, 249, 250, 254, 258, 259, 260, 261, 264, 265, 266, 267, 268, 270, 271, 272, 273, 275, 277, 280, 281, 282, 283, 285, 288, 289, 291, 293, 302, 303, 304, 305, 307, 311, 312, 313, 314, 317, 318, 319, 320, 322, 324, 327, 329, 334, 343, 344, 346, 348, 369, 370, 371, 372, 373, 392, 394, 396, 399, 402, 405, 406, 407, 410, 423, 426, 428, 429, 431, 432, 445, 447, 449, 452, 453, 454, 459, 470, 471, 474, 475, 476, 480, 481, 484, 485, 486, 489, 491, 492, 494, 498, 499, 501, 503, 513, 514, 516, 517, 518, 519, 521, 525, 526, 527], "excluded_lines": []}, "app\\algorithms\\gzip\\versions\\v5_metarecursive.py": {"executed_lines": [1, 26, 27, 28, 29, 30, 31, 32, 33, 34, 35, 36, 37, 38, 39, 41, 42, 43, 44, 47, 48, 49, 58, 59, 60, 61, 62, 63, 65, 110, 111, 112, 118, 119, 120, 121, 122, 123, 124, 125, 127, 147, 148, 160, 174, 198, 202, 227, 317, 318, 330, 365, 429, 436, 551, 575, 585, 591, 609, 619, 637, 654, 703, 737, 769, 800, 912], "summary": {"covered_lines": 62, "num_statements": 343, "percent_covered": 18.075801749271136, "percent_covered_display": "18", "missing_lines": 281, "excluded_lines": 0}, "missing_lines": [73, 74, 76, 85, 87, 88, 89, 90, 91, 92, 95, 96, 98, 100, 102, 104, 105, 107, 137, 138, 139, 142, 143, 144, 163, 164, 165, 166, 167, 168, 171, 172, 185, 186, 189, 190, 193, 194, 196, 200, 215, 217, 218, 219, 221, 249, 250, 252, 255, 256, 257, 258, 259, 260, 261, 262, 263, 266, 269, 270, 271, 274, 275, 276, 277, 278, 279, 280, 281, 282, 283, 286, 287, 288, 289, 290, 291, 294, 295, 296, 299, 300, 303, 304, 307, 308, 311, 312, 314, 337, 341, 344, 347, 350, 351, 354, 355, 358, 359, 360, 363, 372, 431, 432, 433, 434, 456, 459, 462, 463, 465, 466, 468, 469, 472, 475, 476, 477, 478, 479, 480, 482, 484, 485, 488, 489, 491, 492, 494, 516, 528, 529, 536, 537, 540, 543, 544, 545, 546, 548, 549, 562, 564, 565, 566, 567, 568, 569, 571, 572, 573, 577, 578, 579, 580, 581, 582, 583, 587, 588, 589, 593, 594, 595, 596, 597, 598, 599, 600, 601, 603, 604, 605, 606, 607, 611, 612, 613, 614, 615, 616, 617, 621, 622, 623, 624, 625, 626, 627, 628, 629, 630, 631, 633, 634, 635, 639, 640, 641, 642, 643, 644, 645, 646, 647, 648, 649, 650, 651, 652, 668, 670, 672, 680, 682, 692, 701, 710, 711, 712, 715, 718, 719, 720, 721, 722, 723, 724, 725, 728, 729, 732, 735, 747, 755, 756, 758, 759, 760, 762, 763, 764, 767, 783, 786, 789, 792, 795, 796, 798, 808, 809, 810, 811, 812, 813, 814, 815, 816, 819, 820, 821, 822, 823, 824, 827, 910, 919, 926, 927, 929, 944, 945, 947, 951, 952, 954, 962, 963, 964, 966], "excluded_lines": []}, "app\\algorithms\\neuromorphic\\versions\\v1_spiking.py": {"executed_lines": [1, 37, 38, 39, 40, 41, 42, 43, 45, 46, 47, 48, 51, 52, 53, 54, 55, 58, 59, 60, 61, 62, 63, 66, 67, 68, 69, 70, 71, 72, 73, 76, 77, 84, 109, 134, 150, 167, 177, 178, 188, 225, 243, 261, 329, 354, 439, 493, 607, 643, 664, 681, 690, 702, 731, 762], "summary": {"covered_lines": 50, "num_statements": 294, "percent_covered": 17.006802721088434, "percent_covered_display": "17", "missing_lines": 244, "excluded_lines": 0}, "missing_lines": [85, 86, 89, 90, 91, 92, 93, 96, 97, 98, 99, 100, 103, 104, 107, 120, 121, 123, 124, 125, 126, 128, 129, 130, 132, 137, 141, 144, 145, 146, 148, 153, 154, 156, 157, 160, 161, 162, 163, 165, 169, 170, 174, 196, 201, 202, 205, 206, 209, 217, 218, 221, 222, 223, 227, 229, 231, 232, 233, 234, 236, 238, 239, 241, 245, 248, 249, 250, 251, 257, 259, 278, 281, 284, 287, 290, 293, 294, 297, 298, 299, 302, 326, 327, 346, 348, 349, 352, 371, 374, 375, 378, 380, 383, 384, 387, 388, 390, 392, 395, 396, 397, 401, 404, 405, 408, 410, 411, 416, 419, 421, 422, 424, 425, 426, 431, 434, 435, 437, 452, 453, 454, 457, 458, 459, 461, 464, 465, 468, 470, 472, 473, 475, 476, 477, 478, 481, 483, 484, 489, 491, 514, 516, 517, 518, 520, 521, 524, 527, 528, 529, 531, 532, 534, 535, 537, 539, 540, 543, 544, 545, 547, 548, 549, 550, 553, 554, 555, 556, 557, 558, 561, 562, 564, 566, 567, 569, 572, 573, 574, 577, 578, 581, 582, 583, 584, 587, 588, 591, 592, 593, 596, 621, 624, 627, 628, 630, 631, 634, 635, 636, 639, 641, 657, 658, 660, 662, 666, 668, 669, 671, 672, 674, 675, 676, 677, 679, 683, 684, 686, 687, 688, 692, 693, 695, 696, 698, 699, 700, 718, 721, 724, 727, 728, 729, 744, 750, 751, 752, 755, 758, 760, 769, 806], "excluded_lines": []}, "app\\algorithms\\quantum_biological\\versions\\v1_hybrid.py": {"executed_lines": [1, 49, 50, 51, 52, 53, 54, 55, 56, 58, 59, 60, 61, 64, 65, 66, 67, 68, 69, 72, 73, 74, 79, 80, 81, 82, 84, 90, 114, 145, 146, 147, 152, 153, 154, 156, 178, 204, 205, 215, 258, 284, 358, 388, 443, 494, 526, 548, 676, 720, 790, 812, 837, 863, 899, 933, 970], "summary": {"covered_lines": 52, "num_statements": 350, "percent_covered": 14.857142857142858, "percent_covered_display": "15", "missing_lines": 298, "excluded_lines": 0}, "missing_lines": [86, 87, 88, 96, 97, 99, 100, 102, 106, 109, 110, 112, 122, 123, 126, 127, 128, 129, 130, 132, 133, 136, 139, 140, 142, 162, 163, 164, 166, 167, 168, 169, 170, 171, 172, 173, 175, 176, 184, 186, 187, 189, 190, 192, 195, 196, 197, 199, 201, 223, 228, 229, 230, 233, 234, 237, 240, 247, 255, 256, 264, 266, 267, 280, 282, 302, 305, 308, 311, 312, 314, 317, 324, 325, 328, 329, 332, 355, 356, 378, 380, 381, 382, 386, 401, 404, 406, 407, 408, 411, 412, 413, 414, 417, 423, 425, 426, 429, 430, 432, 436, 438, 440, 441, 456, 457, 460, 462, 465, 466, 467, 468, 469, 472, 473, 476, 477, 479, 482, 485, 492, 510, 511, 514, 517, 520, 522, 524, 538, 539, 541, 542, 543, 544, 546, 568, 571, 574, 575, 578, 579, 581, 582, 585, 586, 587, 589, 591, 593, 594, 596, 599, 601, 604, 605, 608, 609, 612, 614, 617, 619, 620, 622, 623, 624, 625, 633, 634, 636, 637, 638, 640, 643, 645, 648, 649, 652, 653, 656, 659, 660, 661, 662, 663, 664, 665, 668, 669, 670, 671, 672, 674, 689, 690, 692, 693, 696, 697, 698, 699, 702, 708, 709, 711, 712, 713, 714, 716, 717, 718, 739, 740, 741, 743, 744, 747, 748, 749, 750, 753, 754, 755, 758, 760, 761, 762, 764, 765, 768, 770, 772, 773, 774, 775, 778, 779, 782, 783, 786, 788, 804, 810, 822, 823, 826, 827, 828, 829, 830, 831, 832, 833, 835, 851, 853, 854, 855, 857, 858, 859, 861, 876, 877, 880, 881, 882, 885, 886, 887, 889, 890, 892, 893, 895, 897, 915, 918, 919, 923, 926, 929, 931, 946, 952, 958, 959, 962, 963, 966, 968, 977, 993, 994, 995, 1001, 1002, 1004, 1018], "excluded_lines": []}, "app\\algorithms\\topological\\versions\\v1_persistent.py": {"executed_lines": [1, 38, 39, 40, 41, 42, 43, 44, 45, 47, 48, 49, 50, 53, 54, 55, 56, 57, 58, 61, 62, 63, 64, 65, 66, 67, 69, 70, 74, 75, 80, 81, 82, 83, 84, 85, 87, 91, 92, 102, 133, 209, 234, 271, 332, 430, 468, 489, 546, 563, 587, 634, 655, 675, 684, 701, 731, 757], "summary": {"covered_lines": 53, "num_statements": 277, "percent_covered": 19.133574007220215, "percent_covered_display": "19", "missing_lines": 224, "excluded_lines": 0}, "missing_lines": [72, 77, 88, 110, 115, 116, 119, 120, 121, 122, 125, 126, 127, 130, 131, 151, 154, 157, 160, 163, 166, 173, 174, 177, 178, 179, 182, 206, 207, 226, 228, 229, 232, 246, 247, 248, 251, 252, 255, 256, 258, 260, 263, 264, 265, 266, 267, 269, 284, 285, 287, 288, 289, 290, 293, 294, 295, 297, 298, 299, 302, 303, 308, 311, 312, 314, 315, 316, 317, 318, 320, 321, 326, 328, 330, 355, 358, 359, 360, 361, 362, 363, 366, 369, 371, 372, 374, 375, 378, 381, 388, 389, 390, 391, 393, 394, 395, 398, 399, 406, 407, 410, 411, 413, 414, 415, 418, 426, 428, 445, 446, 448, 449, 451, 454, 456, 459, 461, 462, 463, 464, 466, 478, 479, 482, 483, 484, 485, 487, 508, 509, 511, 512, 514, 515, 518, 521, 523, 526, 528, 529, 532, 535, 536, 537, 538, 541, 542, 544, 556, 558, 559, 561, 575, 581, 584, 585, 601, 604, 607, 610, 612, 614, 615, 616, 617, 620, 623, 624, 626, 627, 629, 630, 632, 647, 649, 651, 653, 657, 658, 661, 662, 664, 665, 667, 668, 669, 670, 671, 673, 677, 678, 681, 682, 686, 687, 690, 691, 692, 693, 694, 696, 698, 699, 717, 721, 724, 727, 728, 729, 744, 750, 753, 755, 764, 775, 776, 777, 778, 779, 781, 782, 784, 810], "excluded_lines": []}, "app\\api\\__init__.py": {"executed_lines": [1, 8, 9, 10, 13, 16, 17, 18, 19, 20, 21, 22, 23, 24, 25, 26, 27, 28, 29, 31], "summary": {"covered_lines": 19, "num_statements": 19, "percent_covered": 100.0, "percent_covered_display": "100", "missing_lines": 0, "excluded_lines": 0}, "missing_lines": [], "excluded_lines": []}, "app\\api\\advanced_algorithms.py": {"executed_lines": [], "summary": {"covered_lines": 0, "num_statements": 178, "percent_covered": 0.0, "percent_covered_display": "0", "missing_lines": 178, "excluded_lines": 0}, "missing_lines": [8, 9, 10, 11, 12, 13, 15, 16, 21, 24, 26, 27, 28, 29, 30, 31, 34, 36, 37, 38, 39, 40, 41, 42, 43, 44, 45, 48, 50, 51, 52, 53, 56, 58, 59, 60, 61, 62, 65, 68, 94, 95, 98, 101, 102, 103, 105, 111, 112, 114, 115, 118, 129, 130, 131, 137, 138, 144, 157, 158, 164, 167, 193, 194, 197, 200, 201, 202, 204, 210, 211, 213, 214, 217, 228, 229, 230, 236, 237, 243, 256, 257, 263, 266, 291, 292, 295, 298, 299, 300, 302, 308, 309, 311, 312, 315, 326, 327, 328, 334, 335, 341, 354, 355, 361, 364, 374, 375, 376, 379, 385, 386, 387, 390, 391, 392, 393, 394, 395, 396, 397, 398, 400, 403, 404, 406, 417, 419, 420, 427, 428, 429, 430, 432, 435, 444, 445, 446, 447, 453, 454, 460, 468, 469, 475, 477, 485, 573, 575, 582, 589, 590, 591, 592, 593, 594, 598, 599, 603, 606, 607, 608, 609, 610, 611, 615, 616, 620, 623, 624, 625, 626, 627, 628, 632, 633, 637, 639], "excluded_lines": []}, "app\\api\\algorithm_docs.py": {"executed_lines": [], "summary": {"covered_lines": 0, "num_statements": 54, "percent_covered": 0.0, "percent_covered_display": "0", "missing_lines": 54, "excluded_lines": 0}, "missing_lines": [8, 9, 10, 11, 13, 16, 18, 19, 20, 21, 22, 23, 24, 25, 26, 27, 28, 29, 30, 31, 34, 36, 37, 41, 214, 215, 224, 225, 226, 233, 239, 240, 259, 260, 265, 266, 269, 270, 286, 287, 289, 291, 297, 298, 299, 300, 301, 305, 308, 309, 323, 324, 329, 331], "excluded_lines": []}, "app\\api\\algorithm_viability.py": {"executed_lines": [1, 8, 9, 10, 11, 12, 13, 14, 16, 17, 23, 26, 27, 28, 29, 33, 39, 40, 41, 42, 43, 44, 45, 46, 47, 48, 49, 50, 51, 52, 55, 56, 57, 58, 59, 60, 63, 66, 67, 68, 71, 72, 75, 76, 77, 78, 79, 80, 81, 82, 83, 84, 85, 88, 89, 260, 261, 433, 434, 510, 531, 550, 582], "summary": {"covered_lines": 58, "num_statements": 160, "percent_covered": 36.25, "percent_covered_display": "36", "missing_lines": 102, "excluded_lines": 0}, "missing_lines": [101, 102, 108, 118, 119, 126, 127, 129, 130, 132, 141, 142, 143, 145, 147, 148, 149, 152, 155, 158, 161, 168, 175, 191, 206, 208, 209, 211, 225, 228, 230, 231, 236, 237, 238, 241, 246, 268, 430, 444, 447, 448, 449, 450, 451, 452, 454, 457, 458, 459, 467, 470, 475, 478, 479, 480, 481, 482, 483, 484, 485, 486, 487, 490, 492, 501, 518, 521, 522, 523, 524, 525, 526, 528, 539, 546, 547, 557, 558, 560, 565, 568, 569, 572, 579, 590, 593, 594, 595, 596, 599, 600, 601, 602, 603, 606, 607, 608, 609, 610, 611, 613], "excluded_lines": []}, "app\\api\\algorithms.py": {"executed_lines": [], "summary": {"covered_lines": 0, "num_statements": 238, "percent_covered": 0.0, "percent_covered_display": "0", "missing_lines": 238, "excluded_lines": 0}, "missing_lines": [5, 6, 7, 8, 9, 10, 11, 13, 14, 22, 23, 25, 27, 30, 31, 43, 45, 50, 51, 52, 53, 54, 55, 56, 57, 58, 62, 64, 65, 68, 71, 72, 74, 76, 77, 78, 81, 82, 89, 90, 95, 96, 98, 99, 101, 103, 104, 105, 106, 107, 110, 111, 118, 120, 121, 122, 123, 126, 127, 128, 131, 132, 133, 134, 135, 137, 139, 140, 142, 144, 145, 146, 147, 148, 149, 152, 153, 161, 163, 164, 165, 167, 168, 171, 172, 173, 175, 176, 178, 180, 181, 182, 183, 184, 185, 188, 189, 196, 198, 199, 200, 202, 203, 206, 207, 212, 213, 215, 216, 217, 218, 219, 220, 223, 224, 233, 235, 236, 237, 239, 240, 243, 247, 248, 249, 252, 259, 261, 262, 263, 264, 265, 266, 269, 270, 279, 281, 282, 283, 285, 286, 289, 293, 294, 296, 298, 299, 300, 301, 302, 305, 306, 314, 316, 317, 318, 319, 320, 322, 323, 327, 330, 333, 339, 348, 349, 350, 351, 352, 355, 356, 360, 363, 364, 368, 371, 372, 376, 379, 380, 387, 389, 393, 394, 396, 397, 399, 401, 402, 403, 404, 405, 408, 409, 417, 419, 420, 421, 423, 424, 427, 428, 429, 432, 433, 434, 436, 438, 439, 440, 441, 442, 443, 446, 447, 453, 455, 456, 457, 458, 459, 462, 463, 464, 465, 466, 469, 470, 471, 472, 473, 476, 477, 478, 480, 488, 489, 490], "excluded_lines": []}, "app\\api\\cloud_services.py": {"executed_lines": [], "summary": {"covered_lines": 0, "num_statements": 214, "percent_covered": 0.0, "percent_covered_display": "0", "missing_lines": 214, "excluded_lines": 0}, "missing_lines": [8, 9, 10, 11, 12, 14, 15, 19, 26, 27, 28, 31, 32, 34, 37, 38, 39, 42, 43, 50, 51, 52, 53, 55, 56, 57, 58, 59, 62, 63, 68, 69, 70, 71, 72, 73, 74, 75, 76, 77, 80, 81, 89, 90, 91, 92, 93, 94, 96, 97, 98, 99, 100, 103, 104, 110, 111, 112, 113, 114, 117, 122, 123, 124, 125, 126, 129, 130, 136, 137, 138, 139, 142, 147, 148, 149, 150, 151, 152, 155, 156, 167, 168, 170, 171, 172, 173, 174, 175, 176, 177, 178, 179, 181, 182, 183, 184, 185, 188, 189, 200, 201, 203, 204, 205, 206, 207, 208, 209, 210, 211, 212, 215, 216, 217, 219, 220, 221, 222, 223, 226, 227, 237, 238, 240, 241, 242, 243, 244, 245, 246, 247, 250, 251, 252, 254, 255, 256, 257, 258, 261, 262, 272, 273, 275, 276, 277, 278, 279, 280, 281, 282, 284, 285, 286, 287, 288, 291, 292, 302, 303, 305, 306, 307, 308, 309, 310, 311, 312, 314, 315, 316, 317, 318, 321, 322, 328, 329, 332, 333, 334, 335, 338, 339, 345, 346, 349, 350, 351, 352, 355, 356, 362, 363, 366, 367, 368, 369, 372, 373, 379, 380, 381, 382, 385, 390, 391, 392, 393, 394, 395, 398, 399, 401], "excluded_lines": []}, "app\\api\\compression.py": {"executed_lines": [1, 8, 9, 10, 12, 13, 14, 15, 22, 25, 26, 130, 131, 208, 209, 318, 319, 530, 531, 656, 657, 819, 820, 828, 829, 885, 886, 1007, 1008], "summary": {"covered_lines": 28, "num_statements": 219, "percent_covered": 12.785388127853881, "percent_covered_display": "13", "missing_lines": 191, "excluded_lines": 0}, "missing_lines": [71, 72, 76, 77, 79, 80, 81, 82, 83, 84, 86, 87, 88, 89, 90, 92, 93, 95, 96, 97, 100, 101, 102, 104, 105, 106, 108, 122, 123, 124, 165, 166, 167, 168, 170, 171, 172, 173, 174, 175, 177, 178, 179, 180, 186, 201, 202, 267, 268, 270, 272, 281, 283, 284, 287, 288, 290, 291, 292, 293, 296, 304, 311, 312, 371, 513, 584, 586, 587, 590, 593, 600, 601, 602, 603, 605, 606, 607, 608, 609, 610, 611, 612, 614, 622, 623, 625, 626, 627, 628, 629, 630, 632, 635, 636, 638, 649, 650, 710, 712, 715, 716, 717, 724, 725, 726, 735, 736, 745, 746, 755, 756, 766, 769, 800, 805, 812, 813, 822, 833, 835, 838, 847, 848, 851, 858, 859, 860, 861, 862, 863, 865, 866, 867, 870, 871, 872, 873, 874, 876, 878, 879, 924, 925, 926, 927, 930, 931, 932, 933, 938, 941, 942, 943, 946, 947, 948, 949, 952, 953, 954, 956, 963, 964, 969, 971, 972, 979, 980, 981, 982, 984, 985, 987, 998, 999, 1000, 1001, 1027, 1029, 1032, 1041, 1042, 1043, 1044, 1045, 1047, 1048, 1057, 1062, 1063], "excluded_lines": []}, "app\\api\\compression_validation.py": {"executed_lines": [1, 7, 9], "summary": {"covered_lines": 2, "num_statements": 2, "percent_covered": 100.0, "percent_covered_display": "100", "missing_lines": 0, "excluded_lines": 0}, "missing_lines": [], "excluded_lines": []}, "app\\api\\enhanced_compression.py": {"executed_lines": [1, 8, 9, 10, 11, 12, 13, 14, 16, 17, 18, 19, 28, 31, 32, 33, 36, 70, 71, 156, 157, 274, 275, 470, 471, 592, 593, 649, 650, 677, 678], "summary": {"covered_lines": 30, "num_statements": 144, "percent_covered": 20.833333333333332, "percent_covered_display": "21", "missing_lines": 114, "excluded_lines": 0}, "missing_lines": [39, 40, 42, 43, 46, 47, 50, 52, 53, 54, 55, 56, 59, 61, 123, 125, 126, 127, 129, 130, 133, 139, 143, 150, 151, 232, 234, 235, 236, 237, 239, 240, 243, 250, 256, 260, 268, 269, 366, 367, 369, 370, 371, 372, 373, 375, 376, 378, 379, 382, 390, 399, 421, 441, 446, 447, 454, 464, 465, 500, 502, 503, 504, 505, 507, 508, 511, 512, 513, 515, 516, 517, 518, 519, 521, 522, 525, 530, 537, 546, 548, 549, 554, 557, 558, 568, 569, 570, 573, 577, 586, 587, 597, 599, 608, 614, 643, 644, 658, 659, 665, 671, 672, 685, 686, 687, 688, 690, 691, 694, 701, 708, 715, 716], "excluded_lines": []}, "app\\api\\evaluation.py": {"executed_lines": [1, 8, 9, 10, 11, 12, 13, 15, 20, 21, 22, 24, 25, 28, 29, 233, 234, 324, 325, 413, 414, 498, 499, 587, 633, 656, 686, 719], "summary": {"covered_lines": 27, "num_statements": 140, "percent_covered": 19.285714285714285, "percent_covered_display": "19", "missing_lines": 113, "excluded_lines": 0}, "missing_lines": [196, 198, 200, 203, 206, 208, 210, 219, 220, 221, 223, 301, 303, 306, 309, 311, 319, 320, 321, 389, 391, 394, 397, 398, 400, 408, 409, 410, 477, 479, 482, 484, 493, 494, 495, 562, 564, 567, 570, 572, 580, 581, 582, 589, 590, 609, 610, 630, 635, 638, 639, 640, 641, 642, 645, 646, 647, 648, 649, 650, 651, 653, 658, 661, 662, 663, 665, 666, 667, 668, 669, 670, 672, 674, 683, 688, 691, 692, 693, 695, 696, 697, 698, 699, 700, 703, 704, 705, 706, 707, 710, 711, 712, 713, 714, 716, 721, 724, 725, 726, 727, 728, 731, 732, 733, 734, 737, 738, 741, 742, 743, 744, 746], "excluded_lines": []}, "app\\api\\experiments.py": {"executed_lines": [], "summary": {"covered_lines": 0, "num_statements": 374, "percent_covered": 0.0, "percent_covered_display": "0", "missing_lines": 374, "excluded_lines": 0}, "missing_lines": [5, 6, 7, 8, 9, 10, 11, 12, 14, 15, 26, 27, 29, 31, 34, 35, 48, 50, 58, 59, 60, 61, 62, 63, 64, 65, 66, 67, 68, 72, 74, 75, 78, 81, 82, 83, 84, 85, 88, 91, 92, 95, 96, 98, 106, 107, 108, 111, 112, 119, 120, 128, 129, 131, 132, 134, 136, 137, 138, 139, 140, 143, 144, 151, 153, 154, 155, 156, 159, 165, 166, 168, 170, 171, 172, 173, 176, 177, 185, 187, 188, 189, 191, 192, 195, 196, 197, 199, 200, 202, 204, 205, 206, 207, 208, 209, 212, 213, 220, 222, 223, 224, 226, 227, 230, 231, 236, 237, 239, 240, 241, 242, 243, 244, 247, 248, 257, 259, 260, 261, 263, 264, 266, 267, 270, 277, 278, 279, 282, 288, 290, 291, 293, 295, 296, 297, 298, 299, 300, 303, 304, 312, 314, 315, 316, 318, 319, 321, 322, 325, 328, 334, 336, 337, 339, 341, 342, 343, 344, 345, 346, 349, 350, 359, 361, 362, 363, 365, 366, 368, 369, 372, 379, 382, 388, 390, 391, 393, 395, 396, 397, 398, 399, 400, 403, 404, 412, 414, 415, 416, 418, 419, 421, 422, 425, 426, 429, 435, 437, 438, 440, 442, 443, 444, 445, 446, 447, 450, 451, 461, 463, 464, 465, 467, 468, 471, 473, 474, 477, 480, 482, 483, 485, 487, 488, 489, 490, 491, 494, 495, 503, 505, 506, 507, 509, 510, 513, 517, 518, 519, 521, 523, 524, 525, 526, 527, 528, 531, 532, 539, 541, 542, 543, 545, 546, 548, 550, 551, 552, 553, 554, 557, 558, 566, 568, 569, 570, 572, 573, 576, 580, 581, 582, 584, 586, 587, 588, 589, 590, 591, 594, 595, 602, 604, 605, 606, 608, 609, 611, 613, 614, 615, 616, 617, 620, 621, 628, 630, 631, 632, 634, 635, 637, 639, 640, 641, 642, 643, 646, 647, 651, 654, 655, 659, 662, 663, 667, 670, 671, 675, 678, 679, 685, 687, 688, 689, 690, 691, 694, 695, 696, 697, 698, 701, 702, 703, 704, 705, 708, 709, 710, 712, 720, 721, 722, 726, 727, 734, 736, 738, 739, 740, 741, 743, 744, 747, 750, 762, 763, 765, 768, 769, 770, 771, 773, 774, 786, 787, 789, 790, 791, 792, 795, 796], "excluded_lines": []}, "app\\api\\files.py": {"executed_lines": [1, 7, 8, 9, 10, 11, 12, 14, 18, 20, 23, 24, 116, 117, 197, 198, 272, 273, 306, 307, 341, 342, 383, 384, 452, 453], "summary": {"covered_lines": 25, "num_statements": 101, "percent_covered": 24.752475247524753, "percent_covered_display": "25", "missing_lines": 76, "excluded_lines": 0}, "missing_lines": [58, 60, 61, 67, 70, 73, 74, 75, 76, 79, 80, 81, 84, 97, 107, 108, 109, 110, 154, 157, 172, 173, 174, 175, 178, 179, 180, 182, 190, 191, 228, 231, 244, 260, 265, 266, 282, 285, 288, 289, 290, 291, 293, 299, 300, 325, 328, 334, 335, 367, 370, 376, 377, 403, 406, 421, 422, 423, 424, 425, 426, 427, 428, 429, 430, 433, 434, 435, 437, 445, 446, 482, 485, 501, 503, 504], "excluded_lines": []}, "app\\api\\health.py": {"executed_lines": [1, 7, 8, 9, 10, 11, 13, 14, 16, 19, 20, 95, 96, 97, 125, 126, 127, 144, 145, 224, 225, 226], "summary": {"covered_lines": 21, "num_statements": 81, "percent_covered": 25.925925925925927, "percent_covered_display": "26", "missing_lines": 60, "excluded_lines": 0}, "missing_lines": [32, 41, 42, 43, 47, 48, 49, 50, 54, 57, 58, 59, 60, 62, 72, 73, 74, 75, 77, 78, 82, 85, 92, 107, 113, 114, 115, 116, 117, 118, 119, 120, 122, 137, 155, 165, 167, 177, 178, 179, 181, 193, 201, 202, 203, 205, 206, 207, 208, 209, 211, 212, 213, 214, 215, 217, 218, 219, 221, 235], "excluded_lines": []}, "app\\api\\live_metrics.py": {"executed_lines": [1, 8, 9, 10, 11, 12, 14, 15, 17, 20, 21, 106, 107, 209, 210, 298, 299, 350, 351, 396, 397, 438, 439], "summary": {"covered_lines": 22, "num_statements": 86, "percent_covered": 25.58139534883721, "percent_covered_display": "26", "missing_lines": 64, "excluded_lines": 0}, "missing_lines": [97, 98, 99, 100, 159, 161, 164, 167, 168, 170, 171, 172, 174, 175, 176, 178, 179, 180, 182, 183, 184, 186, 202, 203, 254, 255, 257, 258, 266, 267, 268, 270, 271, 272, 273, 280, 291, 292, 341, 342, 343, 344, 374, 375, 376, 389, 390, 418, 420, 421, 426, 431, 432, 487, 488, 489, 492, 520, 521, 522, 523, 525, 541, 542], "excluded_lines": []}, "app\\api\\metrics.py": {"executed_lines": [1, 8, 9, 10, 12, 17, 19, 22, 24, 32, 33, 100, 101, 139, 140, 212, 213, 293, 294, 404, 405, 506, 507, 550, 551], "summary": {"covered_lines": 24, "num_statements": 130, "percent_covered": 18.46153846153846, "percent_covered_display": "18", "missing_lines": 106, "excluded_lines": 0}, "missing_lines": [27, 28, 29, 67, 69, 72, 75, 86, 87, 89, 91, 93, 94, 130, 131, 132, 133, 180, 181, 183, 184, 185, 189, 192, 193, 194, 195, 196, 198, 203, 204, 205, 206, 259, 261, 262, 263, 264, 265, 266, 269, 270, 271, 279, 281, 286, 287, 339, 341, 350, 351, 352, 359, 362, 363, 364, 365, 367, 368, 369, 370, 371, 373, 374, 375, 378, 379, 380, 382, 383, 385, 397, 398, 452, 455, 456, 457, 459, 460, 462, 463, 465, 472, 473, 474, 477, 478, 479, 480, 482, 484, 499, 500, 540, 541, 542, 543, 544, 605, 607, 608, 611, 633, 648, 669, 670], "excluded_lines": []}, "app\\api\\prompts.py": {"executed_lines": [1, 5, 6, 7, 8, 9, 10, 11, 13, 14, 20, 31, 34, 35, 63, 64, 128, 129, 146, 147, 173, 174, 195, 196, 266, 267, 303, 304, 323, 324, 368, 369, 410, 411, 437, 438, 476, 477], "summary": {"covered_lines": 37, "num_statements": 218, "percent_covered": 16.972477064220183, "percent_covered_display": "17", "missing_lines": 181, "excluded_lines": 0}, "missing_lines": [40, 41, 53, 54, 55, 57, 58, 59, 60, 76, 77, 80, 81, 82, 83, 84, 85, 86, 87, 88, 89, 98, 99, 100, 101, 102, 103, 104, 105, 107, 109, 110, 112, 115, 116, 118, 124, 125, 134, 135, 136, 137, 139, 140, 141, 142, 143, 153, 154, 155, 156, 159, 160, 162, 163, 165, 166, 167, 168, 169, 170, 179, 180, 181, 182, 184, 185, 187, 188, 189, 190, 191, 192, 201, 202, 205, 206, 207, 216, 217, 220, 221, 224, 225, 228, 231, 234, 236, 237, 238, 239, 240, 242, 245, 246, 248, 262, 263, 273, 274, 275, 276, 279, 288, 289, 290, 295, 296, 297, 298, 299, 300, 310, 311, 313, 314, 316, 318, 319, 320, 330, 331, 332, 333, 343, 356, 357, 358, 360, 361, 362, 363, 364, 365, 375, 376, 377, 378, 388, 398, 399, 400, 402, 403, 404, 405, 406, 407, 416, 417, 427, 428, 429, 431, 432, 433, 434, 444, 445, 446, 447, 450, 457, 458, 459, 468, 469, 470, 471, 472, 473, 481, 483, 484, 487, 493, 499, 500, 502, 510, 511], "excluded_lines": []}, "app\\api\\sensors.py": {"executed_lines": [1, 5, 6, 7, 8, 9, 10, 11, 13, 14, 24, 25, 27, 29, 33, 34, 81, 82, 103, 104, 128, 129, 160, 161, 208, 209, 238, 239, 268, 269, 304, 305, 333, 334, 383, 384, 415, 416, 447, 448, 469, 470, 494, 495, 543, 544, 578, 579, 623, 624, 645, 646, 670, 671, 761, 762, 813, 814, 821, 822, 829, 830], "summary": {"covered_lines": 61, "num_statements": 414, "percent_covered": 14.734299516908212, "percent_covered_display": "15", "missing_lines": 353, "excluded_lines": 0}, "missing_lines": [46, 48, 51, 52, 53, 54, 55, 56, 57, 58, 59, 61, 62, 65, 68, 71, 72, 74, 76, 77, 78, 89, 90, 91, 92, 93, 95, 97, 98, 99, 100, 111, 112, 113, 114, 116, 117, 119, 121, 122, 123, 124, 125, 137, 138, 139, 141, 149, 150, 152, 154, 155, 156, 172, 174, 177, 178, 179, 180, 181, 182, 183, 185, 186, 189, 192, 193, 196, 197, 198, 199, 201, 203, 204, 205, 216, 218, 219, 220, 221, 223, 224, 225, 226, 228, 230, 231, 232, 233, 234, 235, 246, 247, 248, 249, 251, 252, 255, 256, 257, 259, 261, 262, 263, 264, 265, 277, 279, 280, 281, 283, 284, 287, 288, 289, 291, 292, 294, 296, 297, 298, 299, 300, 301, 312, 314, 315, 316, 318, 319, 321, 322, 324, 325, 326, 327, 328, 329, 345, 347, 348, 349, 350, 353, 356, 357, 358, 359, 360, 362, 363, 366, 369, 371, 372, 374, 376, 377, 378, 379, 380, 392, 394, 395, 396, 397, 399, 400, 401, 402, 404, 406, 407, 408, 409, 410, 411, 425, 427, 430, 431, 434, 437, 438, 440, 442, 443, 444, 455, 456, 457, 458, 459, 461, 463, 464, 465, 466, 477, 478, 479, 480, 482, 483, 485, 487, 488, 489, 490, 491, 503, 505, 506, 507, 509, 510, 513, 519, 528, 529, 530, 531, 533, 535, 536, 537, 538, 539, 540, 553, 555, 556, 557, 558, 561, 565, 566, 568, 570, 571, 572, 573, 574, 590, 592, 595, 596, 597, 598, 599, 600, 601, 603, 604, 607, 610, 613, 614, 616, 618, 619, 620, 631, 632, 633, 634, 635, 637, 639, 640, 641, 642, 652, 653, 654, 655, 657, 658, 660, 662, 663, 664, 665, 666, 678, 679, 682, 683, 684, 685, 688, 689, 693, 694, 695, 696, 698, 699, 702, 703, 707, 708, 709, 710, 712, 713, 716, 717, 718, 719, 720, 722, 723, 726, 727, 728, 729, 730, 732, 733, 736, 739, 741, 755, 756, 757, 768, 770, 771, 772, 773, 774, 777, 778, 779, 780, 781, 784, 785, 786, 789, 790, 791, 794, 795, 796, 798, 807, 808, 809, 818, 826, 834], "excluded_lines": []}, "app\\api\\synthetic_media_management.py": {"executed_lines": [1, 5, 6, 7, 8, 9, 10, 11, 12, 13, 14, 15, 17, 18, 23, 25, 32, 33, 36, 37, 38, 39, 40, 41, 42, 43, 44, 45, 46, 47, 48, 49, 50, 51, 52, 53, 54, 55, 56, 57, 58, 59, 60, 63, 64, 65, 66, 67, 68, 69, 72, 73, 74, 75, 76, 77, 78, 79, 80, 81, 82, 83, 84, 85, 86, 89, 90, 91, 92, 93, 94, 95, 96, 97, 98, 99, 100, 103, 104, 105, 106, 107, 108, 109, 110, 111, 112, 113, 114, 115, 116, 123, 124, 258, 259, 308, 309, 337, 338, 370, 371, 423, 424, 456, 457, 512, 513, 570, 571, 636, 637, 671, 672], "summary": {"covered_lines": 107, "num_statements": 309, "percent_covered": 34.627831715210355, "percent_covered_display": "35", "missing_lines": 202, "excluded_lines": 0}, "missing_lines": [156, 158, 161, 163, 164, 166, 167, 169, 170, 172, 173, 174, 176, 177, 179, 180, 182, 183, 185, 186, 190, 192, 193, 196, 197, 198, 201, 202, 203, 205, 208, 209, 212, 213, 216, 217, 218, 244, 246, 254, 255, 264, 265, 266, 267, 269, 270, 272, 298, 299, 300, 301, 314, 315, 316, 317, 319, 320, 322, 323, 325, 331, 332, 333, 334, 343, 344, 345, 346, 348, 349, 351, 352, 354, 360, 361, 362, 363, 380, 381, 383, 384, 385, 386, 387, 388, 389, 391, 392, 394, 396, 397, 399, 400, 402, 403, 404, 417, 419, 420, 429, 430, 431, 432, 434, 435, 437, 450, 451, 452, 453, 464, 465, 466, 468, 469, 471, 472, 474, 475, 476, 502, 504, 505, 521, 522, 524, 525, 526, 527, 528, 529, 530, 531, 532, 533, 535, 536, 538, 540, 541, 543, 544, 545, 560, 562, 563, 577, 579, 580, 581, 582, 583, 586, 587, 588, 591, 595, 596, 599, 603, 604, 607, 608, 609, 612, 613, 614, 616, 628, 629, 643, 644, 645, 646, 648, 649, 652, 653, 654, 655, 656, 659, 660, 662, 664, 665, 666, 667, 668, 678, 679, 680, 681, 683, 684, 687, 694, 696, 697, 698, 699], "excluded_lines": []}, "app\\api\\v1\\__init__.py": {"executed_lines": [1, 2, 4], "summary": {"covered_lines": 2, "num_statements": 2, "percent_covered": 100.0, "percent_covered_display": "100", "missing_lines": 0, "excluded_lines": 0}, "missing_lines": [], "excluded_lines": []}, "app\\api\\v1\\compression\\validation.py": {"executed_lines": [1, 8, 9, 10, 11, 12, 13, 15, 16, 17, 30, 32, 35, 36, 43, 44, 45, 46, 47, 48, 50, 51, 52, 53, 54, 56, 57, 58, 59, 62, 63, 64, 67, 68, 71, 72, 73, 74, 77, 78, 79, 81, 82, 85, 86, 87, 88, 89, 90, 93, 94, 95, 96, 99, 100, 101, 102, 103, 104, 105, 106, 107, 110, 111, 112, 113, 114, 115, 116, 117, 118, 119, 120, 121, 124, 125, 126, 127, 130, 131, 132, 133, 134, 137, 138, 139, 140, 141, 144, 145, 146, 147, 148, 149, 156, 157, 269, 270, 294, 295, 376, 377, 402, 403, 453, 454], "summary": {"covered_lines": 96, "num_statements": 220, "percent_covered": 43.63636363636363, "percent_covered_display": "44", "missing_lines": 124, "excluded_lines": 0}, "missing_lines": [164, 166, 169, 170, 171, 172, 174, 176, 177, 178, 179, 181, 183, 184, 185, 186, 187, 188, 190, 193, 201, 214, 227, 249, 251, 252, 253, 255, 262, 264, 265, 266, 279, 280, 285, 287, 288, 289, 290, 291, 302, 303, 304, 305, 308, 309, 311, 312, 313, 315, 316, 317, 319, 320, 321, 323, 324, 325, 327, 328, 329, 331, 332, 333, 335, 336, 338, 339, 340, 343, 344, 345, 347, 350, 351, 352, 353, 366, 371, 372, 373, 384, 385, 386, 388, 395, 397, 398, 399, 411, 413, 416, 417, 418, 419, 420, 422, 434, 440, 443, 444, 446, 448, 449, 450, 461, 462, 463, 464, 467, 468, 471, 472, 475, 476, 479, 480, 483, 492, 494, 496, 509, 510, 511], "excluded_lines": []}, "app\\api\\v1\\endpoints\\__init__.py": {"executed_lines": [1, 2, 4], "summary": {"covered_lines": 2, "num_statements": 2, "percent_covered": 100.0, "percent_covered_display": "100", "missing_lines": 0, "excluded_lines": 0}, "missing_lines": [], "excluded_lines": []}, "app\\api\\v1\\endpoints\\experiments.py": {"executed_lines": [], "summary": {"covered_lines": 0, "num_statements": 90, "percent_covered": 0.0, "percent_covered_display": "0", "missing_lines": 90, "excluded_lines": 0}, "missing_lines": [6, 7, 8, 9, 11, 12, 13, 14, 16, 17, 22, 24, 25, 26, 27, 28, 29, 30, 33, 35, 36, 37, 38, 39, 40, 41, 42, 43, 44, 45, 46, 47, 49, 50, 53, 55, 58, 60, 61, 62, 63, 64, 65, 70, 71, 76, 77, 79, 89, 105, 106, 107, 113, 114, 120, 121, 123, 128, 144, 145, 146, 147, 148, 154, 155, 160, 161, 162, 163, 165, 166, 167, 168, 169, 175, 176, 182, 183, 185, 194, 196, 212, 213, 214, 215, 216, 222, 223, 229, 231], "excluded_lines": []}, "app\\api\\v1\\endpoints\\meta_learning.py": {"executed_lines": [], "summary": {"covered_lines": 0, "num_statements": 145, "percent_covered": 0.0, "percent_covered_display": "0", "missing_lines": 145, "excluded_lines": 0}, "missing_lines": [6, 7, 8, 9, 11, 12, 13, 14, 16, 18, 23, 25, 26, 27, 28, 29, 30, 31, 32, 33, 34, 37, 39, 40, 41, 42, 43, 44, 45, 46, 47, 48, 49, 50, 51, 52, 53, 54, 55, 56, 57, 58, 59, 61, 62, 65, 67, 68, 78, 80, 81, 82, 83, 84, 85, 86, 87, 88, 89, 90, 91, 92, 94, 95, 98, 100, 103, 105, 106, 107, 108, 109, 110, 111, 112, 117, 118, 128, 129, 131, 144, 168, 169, 170, 176, 177, 186, 188, 189, 194, 219, 220, 231, 233, 234, 236, 238, 266, 267, 278, 279, 281, 287, 303, 304, 308, 309, 310, 316, 317, 327, 329, 330, 336, 340, 354, 355, 356, 358, 370, 371, 372, 373, 374, 376, 388, 389, 399, 400, 402, 404, 428, 429, 433, 434, 435, 441, 442, 451, 453, 454, 459, 460, 462, 463], "excluded_lines": []}, "app\\api\\v1\\endpoints\\synthetic_media.py": {"executed_lines": [1, 6, 7, 8, 9, 10, 11, 12, 14, 16, 22, 23, 24, 25, 26, 27, 28, 29, 31, 32, 33, 34, 35, 36, 40, 41, 47, 48, 49, 54, 55, 56, 58, 59, 60, 61, 62, 63, 64, 65, 66, 67, 69, 70, 71, 72, 73, 75, 76, 81, 82, 83, 84, 85, 86, 87, 88, 90, 91, 92, 93, 94, 95, 96, 97, 98, 104, 105, 106, 107, 108, 109, 110, 111, 117, 119, 120, 121, 122, 123, 125, 126, 127, 128, 129, 130, 131, 132, 133, 140, 141, 142, 143, 144, 145, 146, 148, 149, 150, 151, 152, 153, 154, 156, 157, 158, 159, 160, 161, 167, 168, 169, 170, 171, 172, 173, 175, 176, 177, 178, 179, 180, 181, 182, 183, 185, 186, 187, 188, 189, 190, 191, 192, 194, 195, 196, 197, 198, 199, 200, 201, 207, 208, 305, 306, 389, 390, 488, 489], "summary": {"covered_lines": 133, "num_statements": 232, "percent_covered": 57.327586206896555, "percent_covered_display": "57", "missing_lines": 99, "excluded_lines": 0}, "missing_lines": [77, 78, 79, 219, 220, 221, 223, 224, 226, 227, 230, 231, 234, 247, 257, 283, 285, 287, 297, 298, 299, 308, 309, 310, 312, 313, 315, 316, 319, 331, 339, 364, 372, 374, 385, 386, 387, 392, 393, 395, 397, 398, 400, 401, 402, 403, 406, 407, 408, 410, 411, 413, 414, 416, 424, 425, 426, 428, 453, 461, 462, 463, 465, 467, 469, 480, 481, 482, 491, 492, 493, 494, 496, 497, 499, 500, 503, 504, 507, 513, 514, 517, 525, 533, 534, 535, 537, 538, 540, 542, 552, 553, 555, 585, 587, 589, 598, 599, 600], "excluded_lines": []}, "app\\api\\v1\\endpoints\\uploads.py": {"executed_lines": [], "summary": {"covered_lines": 0, "num_statements": 72, "percent_covered": 0.0, "percent_covered_display": "0", "missing_lines": 72, "excluded_lines": 0}, "missing_lines": [6, 7, 8, 9, 11, 12, 13, 15, 16, 21, 23, 24, 25, 26, 29, 31, 32, 37, 38, 48, 49, 50, 51, 53, 54, 55, 56, 57, 63, 64, 73, 74, 75, 76, 78, 79, 80, 81, 82, 88, 89, 98, 99, 100, 101, 103, 104, 105, 106, 107, 113, 114, 123, 124, 125, 131, 133, 134, 135, 136, 137, 143, 144, 152, 153, 154, 158, 160, 161, 162, 163, 164], "excluded_lines": []}, "app\\api\\workflow_pipelines.py": {"executed_lines": [1, 7, 8, 9, 11, 17, 19, 22, 24, 36, 37, 49, 50, 65, 66, 83, 84, 102, 103, 124, 125, 143, 144, 160, 161, 185, 186, 201, 202, 219, 220, 234, 235, 259, 260, 272, 273, 291, 292, 304, 305, 323, 324, 361, 362], "summary": {"covered_lines": 44, "num_statements": 99, "percent_covered": 44.44444444444444, "percent_covered_display": "44", "missing_lines": 55, "excluded_lines": 0}, "missing_lines": [27, 28, 29, 46, 62, 75, 77, 78, 80, 94, 96, 97, 99, 112, 114, 115, 117, 135, 137, 138, 140, 153, 172, 177, 178, 179, 180, 181, 182, 198, 211, 213, 214, 216, 231, 244, 246, 247, 252, 269, 284, 301, 316, 333, 335, 336, 338, 341, 342, 344, 370, 371, 372, 373, 375], "excluded_lines": []}, "app\\config.py": {"executed_lines": [1, 5, 6, 7, 8, 9, 12, 13, 15, 16, 17, 18, 19, 20, 21, 23, 24, 40, 41, 44, 45, 46, 55, 56, 68, 69, 71, 72, 73, 74, 77, 78, 80, 81, 82, 83, 86, 87, 89, 90, 94, 95, 96, 99, 100, 102, 104, 105, 106, 107, 108, 109, 110, 112, 113, 119, 120, 126, 127, 134, 135, 138, 139, 142, 143, 144, 145, 146, 149, 150, 153, 154, 157, 158, 161, 162, 163, 164, 165, 166, 167, 168, 169, 170, 171, 172, 173, 174, 175, 176, 177, 178, 179, 180, 181, 182, 183, 184, 185, 186, 188, 189, 190, 191, 198, 199, 200, 201, 202, 203, 204, 205, 206, 208, 209, 211, 212, 214, 215, 216, 217, 221], "summary": {"covered_lines": 115, "num_statements": 149, "percent_covered": 77.18120805369128, "percent_covered_display": "77", "missing_lines": 34, "excluded_lines": 0}, "missing_lines": [27, 28, 29, 30, 33, 34, 36, 37, 38, 48, 49, 50, 51, 52, 58, 60, 61, 62, 63, 64, 65, 115, 116, 117, 122, 123, 124, 129, 130, 131, 193, 194, 195, 197], "excluded_lines": []}, "app\\core\\__init__.py": {"executed_lines": [1, 5, 6, 7, 8, 9, 11], "summary": {"covered_lines": 6, "num_statements": 6, "percent_covered": 100.0, "percent_covered_display": "100", "missing_lines": 0, "excluded_lines": 0}, "missing_lines": [], "excluded_lines": []}, "app\\core\\advanced_tokenization.py": {"executed_lines": [], "summary": {"covered_lines": 0, "num_statements": 550, "percent_covered": 0.0, "percent_covered_display": "0", "missing_lines": 550, "excluded_lines": 0}, "missing_lines": [33, 34, 35, 36, 37, 38, 39, 40, 41, 42, 43, 44, 45, 46, 47, 48, 49, 50, 53, 54, 55, 56, 57, 58, 60, 61, 62, 63, 64, 66, 67, 68, 69, 70, 73, 75, 76, 77, 78, 79, 80, 81, 82, 83, 84, 87, 89, 90, 91, 92, 93, 94, 95, 96, 99, 100, 102, 103, 104, 105, 106, 107, 108, 109, 111, 113, 114, 115, 117, 119, 120, 121, 124, 125, 127, 128, 129, 130, 131, 133, 135, 137, 138, 140, 143, 146, 148, 149, 150, 151, 152, 154, 155, 157, 159, 160, 162, 164, 166, 167, 168, 169, 170, 172, 174, 176, 178, 179, 180, 182, 183, 184, 185, 187, 190, 191, 192, 193, 195, 197, 199, 200, 202, 203, 205, 206, 207, 209, 210, 211, 213, 214, 215, 217, 218, 219, 220, 221, 222, 223, 225, 226, 228, 229, 230, 232, 235, 238, 239, 240, 241, 243, 245, 246, 248, 249, 251, 252, 253, 259, 260, 262, 263, 265, 267, 268, 269, 270, 272, 273, 276, 279, 280, 281, 282, 283, 284, 286, 289, 290, 293, 294, 295, 297, 299, 301, 302, 303, 304, 305, 307, 308, 311, 312, 315, 316, 317, 318, 319, 320, 321, 322, 324, 325, 326, 328, 330, 331, 333, 334, 336, 338, 340, 341, 347, 348, 350, 351, 353, 355, 357, 358, 359, 360, 361, 362, 363, 365, 366, 367, 369, 371, 373, 374, 375, 376, 377, 379, 380, 383, 386, 387, 388, 391, 392, 393, 394, 395, 397, 399, 401, 402, 404, 406, 408, 409, 411, 413, 420, 423, 424, 431, 433, 436, 437, 439, 440, 446, 447, 449, 450, 452, 455, 456, 458, 459, 460, 462, 463, 465, 467, 470, 472, 473, 474, 475, 477, 480, 486, 488, 494, 496, 508, 511, 513, 516, 517, 520, 522, 533, 535, 536, 537, 538, 539, 540, 541, 543, 544, 546, 554, 556, 557, 558, 561, 562, 563, 564, 565, 566, 568, 570, 573, 574, 575, 576, 577, 578, 579, 582, 583, 585, 586, 588, 589, 591, 592, 595, 597, 599, 600, 602, 603, 606, 607, 610, 611, 612, 613, 614, 616, 618, 620, 621, 623, 625, 635, 637, 638, 640, 641, 642, 643, 644, 646, 649, 654, 656, 657, 658, 660, 672, 673, 675, 676, 678, 679, 680, 685, 687, 698, 701, 702, 703, 706, 707, 708, 709, 711, 713, 715, 717, 719, 720, 723, 724, 727, 729, 731, 734, 735, 736, 737, 738, 739, 740, 741, 742, 743, 745, 747, 749, 750, 753, 756, 757, 758, 759, 761, 763, 765, 766, 769, 770, 771, 772, 774, 776, 778, 779, 782, 783, 784, 786, 787, 788, 789, 790, 791, 793, 794, 795, 798, 800, 802, 804, 805, 808, 809, 811, 812, 813, 814, 816, 818, 820, 822, 823, 826, 827, 829, 830, 831, 833, 835, 837, 840, 841, 842, 843, 844, 845, 846, 847, 849, 851, 853, 854, 855, 856, 857, 859, 861, 863, 865, 866, 868, 870, 871, 872, 873, 874, 876, 878, 879, 880, 881, 885, 890, 892, 893, 894, 896, 908, 911, 914, 917, 918, 919, 920, 923, 932, 934, 937, 944, 945, 946, 948, 949, 951, 955, 957, 959, 965, 966, 967, 969, 971, 973, 975, 976, 979, 980, 981, 984, 987, 990, 993, 995, 998, 1001, 1003, 1006, 1013, 1014, 1015, 1017, 1018, 1019, 1020], "excluded_lines": []}, "app\\core\\agent_communication.py": {"executed_lines": [1, 8, 9, 10, 11, 13, 15, 17, 18, 20, 30, 36, 41, 46, 51, 80, 112, 120, 124, 128, 132, 134], "summary": {"covered_lines": 20, "num_statements": 78, "percent_covered": 25.641025641025642, "percent_covered_display": "26", "missing_lines": 58, "excluded_lines": 0}, "missing_lines": [21, 22, 23, 24, 25, 26, 27, 28, 32, 33, 34, 38, 39, 43, 44, 48, 49, 53, 54, 55, 57, 66, 68, 69, 70, 71, 72, 73, 74, 75, 76, 77, 78, 82, 83, 84, 89, 90, 92, 93, 94, 96, 102, 103, 104, 109, 110, 114, 115, 116, 117, 118, 122, 126, 130, 136, 137, 138], "excluded_lines": []}, "app\\core\\algorithm_selector.py": {"executed_lines": [1, 8, 9, 12, 15, 16, 25, 63, 90, 106, 122, 171, 221, 227, 233], "summary": {"covered_lines": 13, "num_statements": 106, "percent_covered": 12.264150943396226, "percent_covered_display": "12", "missing_lines": 93, "excluded_lines": 0}, "missing_lines": [28, 43, 53, 61, 74, 77, 80, 83, 86, 88, 93, 95, 96, 97, 100, 101, 104, 109, 111, 112, 113, 116, 117, 120, 124, 127, 129, 131, 132, 133, 135, 137, 138, 139, 141, 143, 144, 145, 147, 149, 150, 151, 153, 155, 156, 157, 159, 161, 162, 163, 166, 167, 169, 173, 176, 178, 180, 182, 184, 185, 187, 189, 190, 192, 194, 195, 197, 199, 201, 203, 204, 206, 208, 212, 213, 216, 217, 219, 225, 230, 231, 235, 238, 239, 240, 243, 244, 245, 246, 249, 251, 252, 259], "excluded_lines": []}, "app\\core\\base_agent.py": {"executed_lines": [1, 14, 15, 16, 17, 18, 19, 20, 22, 25, 26, 27, 28, 29, 30, 31, 32, 33, 36, 37, 38, 39, 40, 41, 42, 43, 44, 45, 48, 49, 59, 68, 84, 88, 100, 101, 117, 145, 146, 164, 165, 186, 187, 203, 233, 295, 327, 362, 385, 402, 410, 420, 421, 428, 433, 468, 487, 504], "summary": {"covered_lines": 52, "num_statements": 178, "percent_covered": 29.213483146067414, "percent_covered_display": "29", "missing_lines": 126, "excluded_lines": 0}, "missing_lines": [61, 62, 63, 64, 65, 66, 77, 78, 79, 82, 86, 90, 131, 132, 133, 134, 135, 136, 137, 138, 139, 140, 141, 143, 162, 184, 201, 210, 211, 214, 216, 217, 218, 219, 221, 222, 226, 228, 229, 230, 231, 243, 244, 250, 251, 252, 254, 256, 258, 261, 262, 264, 267, 270, 279, 281, 283, 284, 285, 287, 289, 302, 308, 309, 310, 311, 313, 334, 340, 341, 342, 343, 345, 347, 370, 371, 374, 375, 376, 377, 381, 383, 391, 393, 396, 397, 400, 408, 412, 430, 431, 435, 438, 445, 452, 453, 454, 459, 460, 466, 476, 477, 482, 483, 484, 485, 490, 492, 506, 508, 510, 511, 512, 513, 514, 516, 517, 518, 519, 520, 522, 523, 524, 525, 526, 528], "excluded_lines": []}, "app\\core\\communication_mixin.py": {"executed_lines": [1, 8, 9, 10, 11, 13, 14, 16, 19, 20, 37, 44, 62, 67, 74, 128, 181, 223, 264, 275, 298, 317, 334, 346, 358, 395, 424, 446, 475, 508, 519, 534, 553], "summary": {"covered_lines": 31, "num_statements": 175, "percent_covered": 17.714285714285715, "percent_covered_display": "18", "missing_lines": 144, "excluded_lines": 0}, "missing_lines": [39, 40, 41, 42, 46, 47, 49, 50, 52, 55, 56, 57, 58, 60, 64, 65, 69, 70, 95, 96, 102, 103, 112, 117, 118, 119, 120, 121, 124, 126, 149, 152, 162, 169, 174, 175, 176, 177, 179, 198, 200, 207, 212, 221, 240, 241, 245, 246, 247, 250, 252, 254, 266, 277, 278, 279, 282, 284, 285, 287, 289, 291, 300, 301, 302, 303, 306, 310, 319, 320, 323, 325, 337, 340, 350, 352, 368, 369, 370, 373, 375, 377, 378, 383, 384, 385, 387, 398, 401, 402, 403, 404, 405, 406, 407, 409, 410, 411, 413, 416, 419, 420, 422, 432, 439, 442, 444, 448, 449, 451, 452, 455, 457, 458, 459, 461, 462, 463, 466, 467, 468, 470, 471, 473, 477, 478, 486, 487, 488, 490, 491, 494, 495, 498, 499, 500, 501, 504, 512, 521, 522, 524, 536, 555], "excluded_lines": []}, "app\\core\\complexity_analyzer.py": {"executed_lines": [], "summary": {"covered_lines": 0, "num_statements": 388, "percent_covered": 0.0, "percent_covered_display": "0", "missing_lines": 388, "excluded_lines": 0}, "missing_lines": [37, 38, 39, 40, 41, 42, 43, 44, 45, 46, 47, 48, 49, 50, 51, 52, 53, 54, 57, 59, 60, 61, 62, 63, 64, 65, 66, 67, 69, 70, 72, 73, 74, 75, 76, 77, 78, 79, 80, 81, 82, 83, 84, 85, 87, 90, 91, 93, 94, 95, 96, 97, 98, 101, 102, 104, 105, 106, 107, 108, 109, 110, 111, 112, 113, 114, 117, 122, 124, 125, 127, 142, 143, 146, 147, 150, 153, 156, 160, 165, 168, 171, 176, 178, 192, 196, 197, 198, 200, 201, 203, 210, 211, 212, 214, 220, 222, 224, 227, 228, 230, 234, 236, 241, 242, 245, 248, 249, 250, 251, 253, 256, 257, 258, 260, 266, 270, 271, 273, 274, 277, 278, 279, 281, 282, 285, 295, 296, 297, 299, 300, 302, 303, 304, 306, 307, 310, 311, 312, 314, 315, 316, 317, 319, 320, 321, 323, 324, 326, 330, 331, 334, 335, 336, 339, 340, 341, 343, 344, 345, 346, 347, 350, 351, 352, 354, 356, 360, 361, 364, 365, 367, 368, 369, 372, 374, 376, 381, 382, 385, 388, 389, 392, 393, 394, 395, 398, 399, 402, 403, 404, 405, 408, 410, 412, 419, 422, 423, 430, 431, 439, 440, 448, 449, 450, 458, 459, 460, 467, 469, 473, 476, 477, 478, 479, 480, 481, 482, 483, 484, 485, 486, 489, 490, 491, 492, 493, 494, 495, 496, 497, 498, 501, 502, 503, 511, 512, 514, 515, 516, 517, 518, 519, 520, 523, 524, 526, 527, 528, 529, 531, 532, 534, 535, 536, 538, 541, 543, 544, 546, 549, 554, 555, 556, 557, 558, 559, 560, 562, 563, 564, 565, 566, 567, 569, 570, 571, 572, 573, 574, 576, 577, 578, 580, 581, 582, 583, 586, 591, 592, 593, 601, 605, 607, 608, 609, 612, 613, 614, 615, 618, 620, 621, 622, 624, 625, 626, 628, 630, 632, 644, 645, 646, 647, 649, 654, 655, 657, 659, 660, 661, 662, 663, 665, 667, 669, 672, 673, 674, 675, 677, 679, 682, 684, 687, 689, 692, 697, 701, 702, 703, 705, 708, 710, 711, 715, 717, 718, 721, 725, 726, 727, 728, 729, 732, 734, 735, 736, 737, 738, 739, 740, 741, 742, 743, 744, 745, 746, 747, 748, 749, 751, 755, 757, 758, 759, 760, 761, 762, 763, 766, 767, 773, 774, 775, 776, 777, 778], "excluded_lines": []}, "app\\core\\compression_engine.py": {"executed_lines": [1, 8, 9, 10, 11, 12, 15, 16, 17, 21, 22, 23, 27, 28, 29, 33, 34, 35, 39, 40, 41, 45, 48, 49, 51, 80, 81, 88, 101, 118, 122, 131, 217, 242, 246, 259, 268, 269, 271, 275, 279, 284, 285, 287, 290, 298, 303, 304, 306, 309, 316, 324, 325, 327, 330, 337, 342, 343, 345, 348, 355, 360, 361, 363, 366, 373], "summary": {"covered_lines": 57, "num_statements": 173, "percent_covered": 32.947976878612714, "percent_covered_display": "33", "missing_lines": 116, "excluded_lines": 0}, "missing_lines": [18, 19, 24, 25, 30, 31, 36, 37, 42, 43, 61, 62, 63, 64, 65, 66, 67, 70, 74, 90, 91, 92, 95, 96, 97, 99, 103, 105, 106, 107, 108, 109, 110, 111, 112, 113, 114, 116, 120, 124, 126, 127, 128, 129, 150, 152, 153, 164, 165, 166, 168, 169, 170, 171, 172, 174, 177, 179, 180, 181, 182, 184, 194, 195, 196, 198, 201, 203, 204, 205, 207, 231, 232, 234, 236, 237, 238, 239, 240, 244, 248, 249, 251, 261, 262, 263, 264, 272, 273, 277, 281, 288, 292, 293, 299, 300, 307, 310, 311, 317, 318, 328, 331, 332, 338, 339, 346, 349, 350, 356, 357, 364, 367, 368, 374, 375], "excluded_lines": []}, "app\\core\\content_analyzer.py": {"executed_lines": [1, 9, 10, 12, 13, 14, 16, 17, 20, 21, 29, 54, 101, 133, 165, 199, 213, 230, 284, 311, 369, 387, 409, 442, 448, 457, 463, 473, 487, 504, 512], "summary": {"covered_lines": 29, "num_statements": 186, "percent_covered": 15.591397849462366, "percent_covered_display": "16", "missing_lines": 157, "excluded_lines": 0}, "missing_lines": [31, 44, 80, 81, 83, 97, 99, 117, 118, 121, 122, 125, 126, 127, 128, 129, 131, 139, 140, 143, 144, 145, 148, 149, 150, 151, 152, 155, 163, 171, 172, 175, 176, 177, 178, 181, 182, 185, 186, 187, 190, 197, 205, 206, 208, 209, 211, 219, 220, 223, 224, 226, 228, 252, 253, 255, 256, 258, 259, 262, 263, 264, 267, 272, 275, 276, 278, 288, 289, 292, 293, 294, 295, 298, 299, 300, 303, 309, 333, 334, 337, 338, 339, 340, 341, 342, 343, 346, 349, 350, 351, 352, 353, 354, 355, 356, 357, 359, 360, 362, 373, 374, 377, 378, 380, 381, 382, 383, 385, 391, 392, 395, 396, 398, 399, 400, 401, 402, 404, 405, 407, 431, 445, 446, 450, 451, 452, 454, 455, 460, 461, 466, 467, 468, 470, 471, 475, 476, 478, 479, 480, 481, 482, 483, 485, 490, 491, 494, 495, 498, 499, 500, 502, 507, 508, 510, 514], "excluded_lines": []}, "app\\core\\data_middleware.py": {"executed_lines": [], "summary": {"covered_lines": 0, "num_statements": 475, "percent_covered": 0.0, "percent_covered_display": "0", "missing_lines": 475, "excluded_lines": 0}, "missing_lines": [34, 35, 36, 37, 38, 39, 40, 41, 42, 43, 44, 45, 46, 47, 48, 49, 50, 51, 52, 53, 54, 57, 58, 59, 60, 61, 62, 63, 66, 67, 68, 69, 70, 72, 73, 74, 75, 76, 79, 81, 82, 83, 84, 85, 86, 87, 88, 89, 90, 93, 95, 96, 97, 98, 99, 100, 101, 102, 105, 107, 108, 109, 110, 111, 112, 113, 114, 115, 116, 119, 120, 122, 123, 124, 125, 126, 127, 128, 129, 130, 132, 134, 135, 136, 137, 139, 141, 143, 145, 146, 147, 150, 151, 154, 155, 156, 159, 160, 161, 164, 165, 166, 167, 170, 171, 172, 175, 176, 179, 180, 181, 184, 187, 188, 190, 192, 193, 195, 198, 201, 203, 205, 207, 210, 213, 215, 216, 217, 218, 220, 222, 224, 225, 226, 227, 228, 229, 230, 233, 236, 237, 239, 241, 242, 243, 245, 247, 249, 251, 254, 257, 258, 259, 261, 262, 264, 266, 268, 269, 270, 272, 274, 276, 278, 281, 284, 285, 286, 287, 288, 290, 298, 299, 300, 303, 304, 307, 308, 309, 310, 311, 314, 315, 317, 319, 322, 324, 325, 326, 328, 330, 332, 333, 334, 335, 337, 339, 342, 343, 346, 347, 348, 350, 352, 354, 355, 356, 357, 358, 359, 361, 362, 365, 368, 376, 377, 378, 379, 380, 382, 384, 385, 386, 389, 390, 392, 393, 394, 396, 398, 400, 401, 402, 404, 407, 410, 411, 412, 413, 414, 415, 416, 418, 420, 421, 422, 424, 425, 426, 428, 429, 431, 433, 434, 436, 437, 439, 440, 442, 443, 445, 447, 448, 449, 451, 453, 454, 455, 457, 466, 469, 470, 471, 473, 475, 480, 482, 483, 484, 486, 487, 489, 491, 492, 493, 495, 496, 497, 499, 501, 503, 506, 511, 513, 516, 517, 518, 524, 530, 531, 536, 537, 540, 543, 551, 552, 555, 557, 559, 562, 563, 565, 566, 568, 569, 572, 574, 575, 577, 578, 580, 581, 583, 598, 599, 600, 603, 611, 612, 613, 614, 615, 616, 619, 621, 622, 625, 626, 628, 629, 634, 635, 638, 640, 642, 643, 644, 645, 647, 658, 661, 663, 667, 669, 670, 671, 672, 674, 676, 678, 680, 681, 682, 683, 685, 687, 688, 689, 690, 692, 695, 696, 697, 698, 700, 702, 705, 706, 707, 708, 710, 712, 714, 716, 717, 718, 720, 724, 726, 728, 729, 730, 731, 733, 735, 736, 740, 742, 743, 745, 748, 749, 750, 751, 753, 755, 757, 759, 760, 761, 762, 764, 766, 768, 769, 770, 774, 776, 786, 788, 791, 794, 797, 799, 801, 802, 803, 806, 809, 810, 811, 813, 817, 818, 821, 826, 829, 834, 835, 837, 839, 842, 845, 849, 851, 853, 854, 857, 861, 863, 865, 866, 867, 868, 869, 870, 871, 872, 874, 878, 879, 881, 883, 888, 891, 897, 903, 904, 905, 908, 909, 912, 913, 916, 919], "excluded_lines": []}, "app\\core\\distributed_streaming.py": {"executed_lines": [], "summary": {"covered_lines": 0, "num_statements": 431, "percent_covered": 0.0, "percent_covered_display": "0", "missing_lines": 431, "excluded_lines": 0}, "missing_lines": [38, 39, 40, 41, 42, 43, 44, 45, 46, 47, 48, 49, 50, 51, 52, 53, 54, 55, 56, 57, 58, 59, 60, 63, 64, 65, 66, 67, 69, 70, 71, 72, 73, 74, 75, 78, 79, 80, 82, 85, 87, 88, 89, 90, 91, 94, 96, 97, 98, 99, 100, 101, 104, 105, 107, 108, 109, 110, 111, 112, 113, 115, 117, 120, 121, 123, 124, 125, 126, 127, 128, 130, 131, 133, 134, 135, 136, 138, 139, 141, 142, 143, 146, 158, 172, 173, 174, 175, 178, 179, 180, 183, 190, 200, 201, 202, 203, 204, 205, 206, 207, 208, 209, 211, 213, 215, 216, 218, 219, 220, 221, 223, 230, 231, 232, 235, 236, 237, 238, 240, 247, 248, 249, 251, 258, 259, 261, 262, 263, 266, 267, 269, 271, 273, 274, 276, 277, 280, 282, 283, 285, 287, 294, 296, 297, 298, 299, 302, 303, 304, 310, 312, 314, 315, 317, 318, 319, 321, 323, 325, 326, 327, 328, 331, 332, 333, 335, 337, 344, 346, 347, 349, 353, 355, 361, 363, 364, 366, 369, 372, 373, 374, 375, 377, 380, 383, 385, 387, 388, 390, 391, 392, 394, 395, 397, 398, 399, 400, 402, 405, 416, 428, 429, 430, 433, 436, 444, 446, 448, 449, 450, 451, 453, 454, 455, 456, 458, 459, 460, 462, 463, 464, 466, 481, 484, 485, 486, 487, 489, 492, 493, 494, 495, 497, 500, 501, 503, 504, 505, 507, 508, 509, 511, 514, 526, 528, 530, 531, 533, 535, 537, 538, 539, 541, 542, 543, 544, 546, 548, 550, 551, 554, 555, 556, 557, 558, 559, 562, 565, 566, 567, 568, 571, 572, 574, 576, 577, 579, 582, 583, 584, 585, 588, 589, 591, 593, 595, 597, 598, 599, 601, 604, 616, 628, 629, 630, 632, 633, 635, 650, 652, 653, 655, 656, 657, 660, 663, 666, 667, 668, 669, 671, 672, 673, 674, 676, 678, 691, 692, 694, 695, 700, 703, 704, 705, 707, 708, 709, 710, 714, 716, 718, 731, 733, 735, 738, 739, 740, 742, 744, 745, 746, 747, 749, 751, 752, 755, 758, 761, 762, 763, 765, 767, 769, 775, 776, 777, 779, 792, 794, 795, 797, 798, 799, 801, 804, 805, 806, 809, 812, 815, 816, 817, 819, 820, 821, 822, 824, 827, 838, 846, 847, 848, 849, 850, 851, 853, 864, 866, 868, 869, 872, 875, 876, 877, 878, 879, 882, 884, 886, 888, 889, 893, 894, 895, 897, 899, 902, 903, 905, 907, 909, 910, 911, 913, 915, 916, 919, 920, 922, 923, 924, 925, 926, 927, 931, 945, 946, 947, 948, 950], "excluded_lines": []}, "app\\core\\enhanced_metrics_collector.py": {"executed_lines": [], "summary": {"covered_lines": 0, "num_statements": 123, "percent_covered": 0.0, "percent_covered_display": "0", "missing_lines": 123, "excluded_lines": 0}, "missing_lines": [6, 7, 8, 9, 10, 13, 16, 17, 22, 23, 62, 63, 64, 66, 67, 69, 71, 72, 73, 76, 77, 78, 82, 83, 85, 86, 87, 89, 90, 92, 93, 94, 95, 96, 97, 98, 99, 100, 101, 102, 103, 105, 106, 108, 109, 110, 113, 114, 115, 116, 117, 118, 119, 121, 131, 132, 133, 142, 143, 145, 146, 147, 149, 163, 164, 165, 179, 180, 182, 183, 184, 186, 196, 197, 198, 209, 210, 212, 213, 214, 217, 218, 219, 220, 223, 224, 225, 226, 227, 229, 230, 231, 232, 245, 246, 248, 264, 265, 266, 280, 281, 283, 284, 285, 288, 289, 290, 291, 293, 294, 296, 297, 298, 299, 305, 306, 307, 309, 310, 312, 336, 338, 340], "excluded_lines": []}, "app\\core\\graceful_degradation.py": {"executed_lines": [], "summary": {"covered_lines": 0, "num_statements": 361, "percent_covered": 0.0, "percent_covered_display": "0", "missing_lines": 361, "excluded_lines": 0}, "missing_lines": [38, 39, 40, 41, 42, 43, 44, 45, 46, 47, 48, 49, 50, 51, 52, 53, 54, 55, 58, 59, 60, 62, 65, 67, 68, 69, 70, 73, 75, 76, 77, 80, 81, 83, 84, 85, 86, 87, 88, 89, 90, 91, 92, 94, 95, 97, 98, 99, 101, 102, 104, 106, 108, 109, 110, 111, 112, 113, 115, 118, 119, 126, 127, 128, 129, 131, 132, 133, 134, 136, 138, 139, 140, 141, 142, 143, 145, 147, 148, 150, 151, 152, 153, 154, 156, 158, 159, 160, 162, 164, 165, 166, 167, 169, 171, 172, 173, 175, 177, 178, 180, 182, 183, 184, 185, 186, 187, 190, 193, 194, 196, 197, 198, 199, 200, 202, 204, 209, 211, 213, 216, 228, 235, 242, 243, 244, 245, 247, 249, 251, 252, 253, 254, 255, 256, 258, 259, 260, 262, 264, 265, 266, 268, 270, 271, 272, 273, 275, 283, 285, 286, 287, 288, 289, 290, 292, 293, 295, 297, 298, 299, 301, 303, 304, 306, 307, 308, 309, 311, 313, 320, 321, 323, 325, 326, 327, 328, 330, 331, 333, 336, 350, 357, 358, 361, 362, 363, 366, 367, 368, 371, 374, 375, 378, 381, 384, 386, 393, 396, 397, 398, 399, 400, 401, 402, 403, 406, 407, 408, 410, 412, 423, 426, 427, 429, 431, 434, 436, 437, 438, 441, 442, 446, 448, 449, 450, 451, 454, 456, 458, 460, 461, 462, 463, 464, 467, 469, 475, 478, 479, 481, 493, 494, 495, 497, 499, 500, 502, 505, 506, 507, 509, 511, 512, 513, 515, 516, 517, 520, 521, 522, 525, 526, 528, 530, 543, 545, 547, 549, 556, 558, 560, 562, 570, 572, 584, 585, 587, 590, 593, 594, 596, 597, 600, 601, 604, 605, 606, 607, 608, 610, 612, 628, 630, 632, 633, 636, 639, 642, 645, 648, 649, 652, 659, 661, 662, 665, 667, 680, 683, 684, 685, 686, 689, 690, 691, 692, 695, 698, 700, 702, 709, 714, 716, 735, 737, 739, 740, 741, 742, 743, 744, 745, 746, 748, 750, 757, 759, 761, 762, 764, 765, 768, 769, 770, 771, 772, 773, 775, 777, 778, 782, 792, 795, 796, 797, 798, 800, 801, 802, 804], "excluded_lines": []}, "app\\core\\intelligent_decompressor.py": {"executed_lines": [], "summary": {"covered_lines": 0, "num_statements": 151, "percent_covered": 0.0, "percent_covered_display": "0", "missing_lines": 151, "excluded_lines": 0}, "missing_lines": [12, 13, 14, 15, 16, 17, 18, 20, 21, 23, 26, 27, 29, 30, 31, 32, 33, 34, 37, 51, 60, 67, 69, 70, 72, 82, 84, 85, 86, 87, 88, 89, 92, 93, 95, 96, 97, 106, 116, 117, 118, 119, 120, 122, 132, 140, 142, 143, 144, 145, 147, 148, 158, 159, 161, 176, 178, 184, 185, 187, 195, 196, 197, 206, 216, 218, 220, 221, 222, 223, 226, 227, 228, 229, 232, 233, 234, 237, 239, 240, 241, 243, 245, 255, 258, 259, 260, 261, 264, 265, 267, 268, 269, 272, 273, 276, 277, 278, 280, 282, 292, 293, 296, 297, 300, 301, 302, 303, 305, 307, 317, 318, 321, 322, 323, 324, 325, 326, 327, 330, 331, 334, 335, 336, 337, 338, 339, 342, 343, 346, 347, 349, 350, 352, 354, 364, 367, 368, 371, 372, 375, 376, 379, 380, 383, 384, 385, 388, 389, 390, 392], "excluded_lines": []}, "app\\core\\message_bus.py": {"executed_lines": [1, 7, 8, 9, 10, 12, 15, 16, 26, 30, 37, 46, 69, 76, 80, 84, 90, 98, 101], "summary": {"covered_lines": 17, "num_statements": 52, "percent_covered": 32.69230769230769, "percent_covered_display": "33", "missing_lines": 35, "excluded_lines": 0}, "missing_lines": [27, 28, 32, 33, 34, 35, 39, 40, 41, 42, 43, 44, 55, 56, 58, 60, 62, 63, 66, 67, 71, 72, 73, 74, 78, 82, 86, 87, 88, 92, 93, 94, 104, 105, 106], "excluded_lines": []}, "app\\core\\meta_recursive_learning.py": {"executed_lines": [], "summary": {"covered_lines": 0, "num_statements": 349, "percent_covered": 0.0, "percent_covered_display": "0", "missing_lines": 349, "excluded_lines": 0}, "missing_lines": [32, 33, 34, 35, 36, 37, 38, 39, 40, 41, 42, 43, 44, 45, 46, 47, 48, 49, 50, 53, 54, 55, 57, 58, 59, 60, 61, 64, 66, 67, 68, 69, 70, 73, 74, 76, 77, 78, 79, 80, 81, 82, 83, 85, 88, 89, 92, 94, 97, 100, 103, 105, 107, 110, 117, 119, 122, 129, 131, 133, 140, 142, 150, 151, 152, 154, 155, 157, 159, 162, 164, 165, 169, 171, 173, 179, 182, 183, 184, 185, 187, 189, 191, 192, 195, 196, 197, 199, 200, 201, 202, 203, 204, 206, 208, 210, 211, 213, 214, 216, 217, 220, 221, 223, 224, 226, 227, 229, 232, 233, 235, 236, 237, 238, 239, 240, 242, 244, 254, 257, 258, 260, 269, 271, 277, 279, 282, 285, 286, 288, 291, 293, 295, 298, 299, 302, 305, 308, 309, 310, 312, 314, 316, 317, 318, 319, 320, 321, 322, 324, 327, 328, 329, 331, 333, 336, 344, 351, 352, 353, 354, 355, 358, 359, 369, 371, 373, 385, 387, 388, 390, 393, 394, 396, 399, 402, 403, 404, 407, 408, 409, 410, 415, 416, 419, 425, 427, 429, 441, 443, 444, 445, 452, 457, 459, 460, 463, 464, 466, 467, 470, 471, 472, 473, 474, 476, 478, 480, 482, 490, 491, 494, 495, 496, 499, 500, 501, 502, 504, 506, 508, 511, 512, 515, 516, 518, 520, 522, 524, 526, 535, 536, 539, 540, 543, 544, 545, 546, 547, 550, 551, 552, 555, 562, 564, 567, 569, 570, 571, 573, 574, 577, 579, 580, 583, 585, 586, 589, 594, 601, 602, 603, 604, 605, 607, 609, 620, 631, 632, 633, 634, 637, 642, 643, 644, 645, 648, 649, 650, 653, 654, 655, 658, 659, 662, 663, 666, 667, 669, 672, 675, 676, 679, 680, 683, 684, 687, 688, 690, 692, 694, 696, 698, 699, 700, 703, 704, 706, 708, 711, 712, 715, 716, 717, 718, 720, 721, 724, 725, 726, 727, 729, 730, 732, 734, 737, 738, 739, 741, 742, 743, 746, 747, 749, 750, 753, 754, 756, 757, 758, 759, 760, 761, 762, 763, 767, 775, 778, 783], "excluded_lines": []}, "app\\core\\metrics_collector.py": {"executed_lines": [1, 8, 9, 10, 11, 14, 20, 21, 31, 46, 116, 153, 211, 215, 242, 286, 302, 314, 325, 337, 355, 405, 409, 413, 418, 429, 437, 447, 463, 478, 492, 496, 501, 506, 511, 534, 540, 551, 559, 566, 580, 607, 629, 665, 670, 675, 689], "summary": {"covered_lines": 45, "num_statements": 297, "percent_covered": 15.151515151515152, "percent_covered_display": "15", "missing_lines": 252, "excluded_lines": 0}, "missing_lines": [33, 34, 35, 38, 72, 73, 76, 77, 78, 79, 82, 83, 85, 86, 89, 109, 112, 114, 119, 120, 121, 124, 125, 126, 127, 130, 131, 132, 134, 149, 151, 169, 172, 175, 178, 181, 184, 187, 188, 189, 192, 193, 195, 209, 213, 218, 219, 224, 225, 228, 240, 251, 255, 256, 259, 262, 284, 289, 290, 291, 294, 300, 305, 306, 309, 310, 312, 316, 317, 319, 321, 323, 328, 329, 332, 335, 340, 341, 343, 344, 347, 348, 351, 353, 357, 358, 373, 374, 376, 377, 379, 382, 383, 384, 387, 390, 391, 394, 395, 398, 399, 403, 407, 411, 416, 421, 422, 424, 425, 427, 431, 432, 434, 435, 439, 440, 442, 443, 445, 450, 451, 454, 455, 457, 458, 460, 461, 466, 467, 470, 471, 473, 474, 476, 481, 482, 485, 486, 487, 489, 490, 494, 499, 504, 509, 513, 515, 516, 517, 518, 519, 521, 522, 523, 525, 526, 527, 529, 530, 532, 536, 537, 538, 542, 543, 544, 545, 546, 547, 549, 553, 554, 555, 556, 557, 561, 562, 563, 564, 568, 569, 570, 571, 572, 573, 574, 575, 576, 578, 582, 583, 586, 587, 588, 589, 590, 592, 593, 596, 597, 599, 600, 601, 602, 603, 605, 610, 612, 613, 615, 616, 617, 618, 621, 623, 625, 627, 631, 633, 634, 635, 636, 637, 638, 639, 640, 641, 642, 643, 644, 645, 646, 647, 648, 649, 650, 651, 652, 653, 654, 655, 656, 657, 658, 659, 660, 661, 663, 668, 673, 677, 692], "excluded_lines": []}, "app\\core\\parameter_optimizer.py": {"executed_lines": [1, 8, 9, 12, 15, 16, 26, 73, 106, 124, 141, 161, 194, 225, 255, 287, 299, 310, 346, 361, 373, 387], "summary": {"covered_lines": 20, "num_statements": 185, "percent_covered": 10.81081081081081, "percent_covered_display": "11", "missing_lines": 165, "excluded_lines": 0}, "missing_lines": [29, 63, 71, 86, 89, 92, 93, 94, 95, 96, 97, 98, 99, 101, 104, 109, 112, 115, 116, 117, 118, 119, 120, 122, 126, 127, 130, 133, 134, 135, 136, 137, 139, 144, 145, 148, 150, 153, 155, 156, 157, 159, 164, 165, 168, 170, 172, 173, 174, 175, 178, 181, 182, 183, 184, 185, 186, 188, 191, 192, 197, 200, 201, 204, 205, 207, 209, 210, 212, 215, 218, 219, 222, 223, 228, 230, 233, 234, 236, 237, 238, 239, 241, 244, 245, 246, 248, 251, 253, 257, 260, 263, 264, 266, 267, 268, 270, 271, 274, 275, 278, 279, 280, 281, 282, 283, 285, 289, 291, 292, 293, 295, 297, 301, 304, 305, 306, 308, 315, 318, 319, 320, 321, 322, 323, 325, 326, 328, 329, 331, 333, 334, 336, 337, 339, 342, 344, 348, 350, 352, 353, 354, 356, 357, 359, 363, 365, 366, 367, 369, 371, 375, 377, 378, 379, 380, 381, 383, 385, 389, 392, 395, 396, 397, 399], "excluded_lines": []}, "app\\core\\profiling_system.py": {"executed_lines": [1, 41, 42, 43, 44, 45, 46, 47, 48, 49, 50, 51, 52, 53, 54, 55, 56, 57, 58, 59, 60, 61, 62, 63, 64, 65, 67, 68, 69, 70, 71, 72, 73, 74, 77, 78, 80, 81, 83, 84, 86, 87, 89, 90, 91, 95, 96, 98, 99, 102, 103, 104, 105, 106, 107, 108, 111, 112, 113, 114, 115, 116, 117, 118, 119, 120, 123, 124, 125, 127, 128, 129, 130, 131, 134, 135, 136, 137, 138, 139, 140, 143, 144, 145, 146, 147, 148, 149, 150, 153, 154, 155, 156, 157, 160, 161, 162, 163, 164, 167, 168, 169, 170, 173, 174, 175, 176, 177, 180, 181, 184, 185, 188, 189, 190, 191, 192, 193, 194, 195, 196, 197, 198, 199, 201, 202, 207, 208, 214, 222, 227, 266, 267, 278, 314, 327, 338, 363, 364, 419, 492, 553, 561, 597, 618, 625, 638, 679, 707, 788, 789, 799, 809, 837], "summary": {"covered_lines": 146, "num_statements": 397, "percent_covered": 36.77581863979849, "percent_covered_display": "37", "missing_lines": 251, "excluded_lines": 0}, "missing_lines": [79, 85, 92, 93, 97, 204, 216, 217, 218, 219, 220, 224, 225, 237, 239, 240, 242, 245, 247, 248, 249, 250, 251, 252, 254, 256, 257, 258, 259, 260, 261, 263, 288, 289, 290, 293, 294, 295, 298, 299, 302, 303, 306, 309, 312, 316, 318, 319, 320, 321, 322, 323, 325, 329, 330, 331, 332, 333, 334, 336, 340, 341, 344, 345, 348, 349, 352, 355, 356, 358, 359, 361, 377, 378, 380, 381, 382, 383, 385, 386, 389, 390, 392, 393, 394, 395, 396, 397, 398, 401, 402, 403, 406, 407, 408, 411, 412, 417, 421, 424, 425, 427, 428, 429, 430, 431, 432, 435, 436, 437, 438, 441, 442, 443, 444, 445, 446, 447, 448, 449, 452, 453, 454, 458, 459, 460, 462, 466, 469, 470, 473, 474, 475, 476, 477, 478, 479, 480, 481, 484, 485, 486, 490, 507, 508, 509, 512, 513, 519, 520, 523, 525, 526, 527, 528, 529, 531, 534, 536, 539, 540, 542, 544, 545, 547, 549, 551, 555, 556, 558, 559, 571, 572, 573, 575, 576, 578, 579, 580, 583, 584, 586, 589, 595, 604, 605, 606, 607, 611, 613, 614, 615, 616, 620, 621, 622, 623, 627, 628, 629, 630, 632, 633, 634, 636, 645, 659, 660, 669, 670, 671, 672, 673, 674, 675, 677, 688, 690, 691, 692, 704, 705, 714, 717, 718, 725, 726, 734, 735, 743, 744, 752, 753, 762, 763, 772, 778, 779, 780, 785, 806, 807, 811, 835, 850, 852, 854, 868, 870, 892, 894], "excluded_lines": []}, "app\\database.py": {"executed_lines": [], "summary": {"covered_lines": 0, "num_statements": 48, "percent_covered": 0.0, "percent_covered_display": "0", "missing_lines": 48, "excluded_lines": 0}, "missing_lines": [5, 6, 7, 8, 9, 11, 15, 16, 19, 22, 26, 28, 35, 42, 47, 48, 52, 59, 61, 62, 63, 64, 65, 66, 69, 70, 71, 72, 75, 76, 77, 78, 81, 83, 84, 85, 88, 90, 91, 93, 94, 95, 98, 101, 105, 106, 108, 109], "excluded_lines": []}, "app\\database\\__init__.py": {"executed_lines": [1, 5, 6, 8], "summary": {"covered_lines": 3, "num_statements": 3, "percent_covered": 100.0, "percent_covered_display": "100", "missing_lines": 0, "excluded_lines": 0}, "missing_lines": [], "excluded_lines": []}, "app\\database\\base.py": {"executed_lines": [1, 5, 6, 7, 9, 12, 13, 15, 16, 17, 20, 21, 23], "summary": {"covered_lines": 10, "num_statements": 10, "percent_covered": 100.0, "percent_covered_display": "100", "missing_lines": 0, "excluded_lines": 0}, "missing_lines": [], "excluded_lines": []}, "app\\database\\connection.py": {"executed_lines": [1, 5, 6, 7, 8, 9, 10, 11, 13, 15, 18, 32, 41, 59, 73, 83, 90, 91, 104, 123, 126, 139, 140, 146, 147, 154, 186, 227, 240], "summary": {"covered_lines": 28, "num_statements": 130, "percent_covered": 21.53846153846154, "percent_covered_display": "22", "missing_lines": 102, "excluded_lines": 0}, "missing_lines": [48, 49, 50, 51, 52, 53, 54, 56, 66, 67, 68, 69, 70, 75, 77, 79, 80, 85, 86, 93, 94, 95, 96, 97, 98, 99, 100, 111, 112, 113, 114, 115, 116, 117, 119, 128, 129, 130, 131, 132, 133, 134, 135, 136, 142, 143, 149, 150, 161, 162, 163, 165, 166, 168, 176, 177, 178, 193, 194, 196, 200, 202, 203, 204, 205, 206, 207, 208, 209, 210, 213, 220, 221, 222, 223, 229, 232, 233, 234, 235, 236, 247, 248, 250, 251, 253, 254, 255, 256, 258, 261, 263, 273, 274, 276, 278, 279, 281, 282, 284, 285, 286], "excluded_lines": []}, "app\\main.py": {"executed_lines": [1, 5, 6, 7, 8, 9, 10, 11, 12, 14, 15, 16, 17, 23, 27, 30, 33, 34, 98, 107, 116, 119, 120, 123, 124, 127, 128, 131, 132, 148, 149, 191, 192, 213], "summary": {"covered_lines": 33, "num_statements": 77, "percent_covered": 42.857142857142854, "percent_covered_display": "43", "missing_lines": 44, "excluded_lines": 0}, "missing_lines": [41, 43, 45, 46, 49, 50, 53, 56, 59, 62, 65, 67, 68, 70, 71, 72, 74, 77, 79, 81, 82, 85, 86, 89, 91, 93, 94, 139, 156, 158, 161, 172, 173, 174, 175, 176, 178, 186, 187, 188, 203, 204, 214, 216], "excluded_lines": []}, "app\\models\\__init__.py": {"executed_lines": [1, 6, 7, 8, 9, 10, 11, 14, 15, 16, 18], "summary": {"covered_lines": 10, "num_statements": 10, "percent_covered": 100.0, "percent_covered_display": "100", "missing_lines": 0, "excluded_lines": 0}, "missing_lines": [], "excluded_lines": []}, "app\\models\\algorithm.py": {"executed_lines": [1, 5, 6, 7, 8, 9, 10, 11, 13, 16, 17, 18, 19, 20, 21, 22, 23, 26, 27, 28, 29, 30, 31, 32, 33, 34, 37, 38, 39, 40, 41, 42, 46, 54, 55, 57, 60, 61, 62, 63, 64, 65, 68, 69, 70, 73, 74, 75, 76, 77, 80, 81, 82, 85, 86, 87, 90, 91, 92, 93, 96, 97, 98, 100, 104, 105, 107, 109, 110, 111, 112, 113, 114, 115, 116, 117, 118, 121, 123, 127, 128, 130, 132, 133, 134, 135, 138, 139, 140, 141, 142, 145, 146, 147, 150, 151, 154, 155, 158, 160, 165, 166, 168, 169, 170, 171, 172, 173, 174, 175, 176, 177, 180, 181, 183, 184, 185, 187, 188, 191, 192, 194, 195, 196, 197, 198, 199, 200, 201, 202, 203, 204, 205, 206, 207, 208, 209, 210, 213, 214, 216, 217, 218, 219, 220, 221, 222, 223, 224, 225, 226, 227, 228, 229, 230, 231, 234, 235, 237, 238, 239, 240, 241, 242, 243, 244, 245, 246, 247, 248, 249, 250, 251, 252, 253, 254, 255, 256, 257, 258, 259, 260, 261, 262, 263, 264, 266, 267, 270, 271, 273, 274, 275, 276, 277, 278, 279, 280, 281, 282, 283, 284, 285, 286, 287, 288, 291, 292, 294, 295, 296, 298, 299, 302, 303, 305, 306, 307, 308, 311, 312, 314, 315, 316, 317, 318, 319], "summary": {"covered_lines": 211, "num_statements": 214, "percent_covered": 98.59813084112149, "percent_covered_display": "99", "missing_lines": 3, "excluded_lines": 0}, "missing_lines": [101, 124, 161], "excluded_lines": []}, "app\\models\\cloud_services.py": {"executed_lines": [], "summary": {"covered_lines": 0, "num_statements": 167, "percent_covered": 0.0, "percent_covered_display": "0", "missing_lines": 167, "excluded_lines": 0}, "missing_lines": [8, 9, 10, 11, 12, 13, 14, 16, 19, 22, 24, 25, 26, 27, 28, 29, 30, 31, 32, 33, 34, 35, 36, 39, 40, 41, 42, 44, 45, 47, 49, 66, 69, 71, 72, 73, 74, 75, 76, 77, 78, 79, 80, 81, 82, 83, 84, 87, 88, 89, 90, 91, 93, 94, 96, 98, 114, 117, 119, 120, 121, 122, 123, 124, 125, 126, 127, 128, 129, 130, 131, 132, 133, 134, 137, 138, 139, 140, 142, 143, 145, 147, 167, 170, 172, 173, 174, 175, 176, 177, 178, 179, 180, 181, 182, 185, 186, 187, 189, 190, 192, 194, 209, 212, 214, 215, 216, 217, 218, 219, 220, 221, 222, 223, 224, 225, 228, 229, 230, 232, 233, 235, 237, 253, 256, 258, 259, 260, 261, 262, 263, 264, 265, 266, 267, 268, 269, 270, 271, 272, 273, 274, 277, 279, 280, 282, 284, 305, 308, 310, 311, 312, 313, 314, 315, 316, 317, 318, 319, 320, 321, 322, 323, 325, 326, 328, 330], "excluded_lines": []}, "app\\models\\compression.py": {"executed_lines": [1, 5, 6, 7, 8, 9, 12, 13, 15, 16, 17, 18, 19, 20, 21, 22, 23, 24, 27, 28, 30, 31, 32, 33, 36, 37, 39, 40, 41, 42, 43, 44, 45, 46, 47, 48, 51, 52, 54, 55, 56, 57, 58, 59, 62, 63, 64, 67, 68, 71, 72, 75, 76, 78, 79, 93, 94, 99, 100, 105, 114, 149, 150, 152, 153, 154, 157, 158, 159, 161, 162, 163, 174, 175, 178, 179, 180, 181, 184, 185, 188, 189, 190, 193, 194, 197, 198, 201, 202, 204, 205, 213, 214, 216, 219, 220, 223, 224, 227, 228, 231, 232, 235, 238, 239, 241, 242, 243, 244, 246, 247, 253, 254, 256, 257, 258, 259, 262, 263, 265, 266, 267, 268, 269, 270], "summ
[...]
 96, 97, 100, 101, 103, 104, 105, 106, 107, 108, 109, 110, 111, 112, 113, 116, 117, 120, 121, 122, 125, 126, 127, 128, 129, 130, 131, 134, 135, 136, 137, 140, 141, 142, 145, 146, 148, 149, 150, 151, 152, 153, 154, 157, 160, 161, 162, 163, 164, 166, 169, 188, 208, 228, 247, 267, 286, 288, 290, 292, 294, 296, 297, 298, 300, 302, 303, 304, 305, 306, 307, 308, 309, 310, 312, 314, 315, 318, 319, 322, 324, 336, 337, 339, 341, 346, 359, 360, 362, 363, 364, 365, 367, 368, 377, 379, 385, 395, 396, 398, 399, 400, 401, 403, 404, 413, 415, 426, 427, 428, 429, 431, 432, 441, 443, 447, 451, 466, 467, 472, 473, 475, 476, 484, 487, 492, 494, 496, 498, 499, 500, 502, 503, 504, 506, 515, 517, 519, 521, 524, 525, 526, 527, 528, 529, 531, 536, 546, 549, 550, 551, 552, 554, 557, 558, 559, 562, 564, 567, 568, 569, 571, 572, 574, 577, 578, 579, 581, 584, 586, 589, 590, 591, 592, 593, 594, 596, 603, 604, 606, 608, 609, 610, 619, 620, 623, 627, 637, 639, 640, 641, 643, 645, 655, 656, 657, 660, 661, 662, 663, 664, 665, 666, 669, 670, 671, 672, 675, 676, 677, 679, 699, 701, 702, 703, 706, 707, 709, 710, 712, 714, 717, 718, 719, 721, 723, 726, 727, 728, 729, 730, 732, 734, 737, 738, 740, 741, 743, 750, 751, 752, 753, 754, 756, 765, 776, 778, 780, 781, 782, 783, 784, 786, 788, 791, 792, 793, 795, 796, 798, 799, 802, 803, 804, 806, 807, 809, 813], "excluded_lines": []}, "app\\services\\media_generator.py": {"executed_lines": [1, 6, 7, 8, 9, 10, 11, 12, 13, 15, 18, 19, 20, 21, 22, 25, 26, 29, 30, 32, 33, 58, 59, 80, 81, 114, 115, 133, 134, 311, 312, 359, 360, 450, 451, 470, 471, 495, 496], "summary": {"covered_lines": 37, "num_statements": 312, "percent_covered": 11.85897435897436, "percent_covered_display": "12", "missing_lines": 275, "excluded_lines": 0}, "missing_lines": [35, 36, 37, 38, 39, 41, 42, 44, 46, 47, 48, 49, 52, 53, 54, 55, 56, 61, 62, 63, 64, 65, 67, 68, 69, 70, 71, 72, 73, 74, 75, 76, 78, 83, 85, 86, 87, 88, 89, 90, 92, 93, 94, 95, 97, 98, 99, 100, 101, 102, 103, 104, 105, 106, 108, 109, 110, 112, 117, 118, 120, 121, 124, 125, 127, 128, 129, 131, 151, 152, 154, 156, 159, 160, 161, 162, 163, 164, 165, 166, 167, 168, 169, 170, 171, 172, 173, 174, 175, 176, 177, 178, 179, 180, 181, 182, 183, 184, 185, 186, 187, 188, 189, 190, 191, 192, 193, 194, 195, 196, 197, 198, 199, 200, 201, 202, 203, 204, 205, 206, 207, 208, 209, 210, 211, 212, 213, 214, 215, 216, 217, 218, 219, 220, 221, 222, 223, 224, 225, 226, 227, 228, 229, 230, 232, 233, 234, 235, 238, 239, 240, 243, 244, 245, 248, 249, 250, 251, 254, 257, 258, 259, 262, 263, 264, 265, 266, 267, 268, 270, 273, 274, 275, 276, 279, 280, 281, 284, 285, 286, 287, 288, 291, 293, 304, 305, 307, 308, 309, 323, 325, 327, 328, 335, 336, 337, 339, 341, 343, 345, 347, 348, 349, 353, 354, 355, 357, 376, 377, 379, 381, 382, 384, 386, 387, 388, 389, 393, 396, 397, 398, 400, 403, 404, 405, 407, 408, 411, 412, 421, 424, 425, 426, 427, 428, 429, 431, 433, 443, 444, 446, 447, 448, 453, 454, 455, 456, 457, 458, 459, 460, 462, 464, 465, 467, 468, 474, 476, 479, 480, 481, 482, 483, 486, 487, 489, 499, 501, 504, 505, 506, 507, 510, 511, 513], "excluded_lines": []}, "app\\services\\media_processor.py": {"executed_lines": [], "summary": {"covered_lines": 0, "num_statements": 193, "percent_covered": 0.0, "percent_covered_display": "0", "missing_lines": 193, "excluded_lines": 0}, "missing_lines": [6, 7, 8, 9, 10, 11, 12, 14, 15, 16, 17, 19, 22, 27, 28, 29, 31, 32, 33, 35, 40, 41, 43, 45, 46, 48, 50, 52, 54, 56, 72, 73, 75, 78, 79, 80, 81, 82, 83, 84, 85, 86, 88, 90, 91, 94, 95, 97, 98, 100, 101, 104, 105, 106, 107, 108, 109, 111, 113, 129, 130, 131, 134, 135, 136, 139, 140, 142, 143, 146, 147, 148, 149, 152, 155, 156, 157, 159, 178, 186, 187, 189, 192, 193, 194, 197, 218, 220, 223, 224, 227, 230, 233, 234, 236, 250, 253, 254, 256, 258, 260, 274, 275, 276, 279, 280, 281, 284, 285, 287, 288, 291, 297, 308, 322, 323, 324, 327, 328, 329, 332, 333, 335, 336, 339, 345, 356, 375, 378, 379, 381, 382, 384, 385, 386, 387, 388, 389, 391, 393, 406, 407, 410, 411, 414, 415, 417, 418, 424, 426, 427, 430, 431, 433, 447, 459, 460, 463, 464, 467, 470, 471, 473, 474, 477, 479, 485, 497, 498, 501, 502, 505, 506, 507, 510, 511, 513, 515, 517, 529, 532, 543, 555, 558, 569, 585, 588, 589, 591, 592, 594, 596, 607], "excluded_lines": []}, "app\\services\\meta_learning.py": {"executed_lines": [1, 8, 9, 10, 11, 12, 14, 15, 17, 18, 37, 38, 39, 40, 42, 64, 94, 129, 151, 195, 224, 235, 245, 257, 285, 321, 338, 355, 375, 387, 399, 415, 443, 455], "summary": {"covered_lines": 32, "num_statements": 205, "percent_covered": 15.609756097560975, "percent_covered_display": "16", "missing_lines": 173, "excluded_lines": 0}, "missing_lines": [45, 46, 48, 51, 52, 55, 62, 67, 69, 78, 79, 80, 82, 83, 86, 92, 97, 100, 102, 103, 105, 106, 107, 110, 111, 119, 125, 127, 133, 134, 135, 138, 139, 142, 146, 153, 154, 156, 157, 165, 166, 167, 168, 170, 171, 172, 173, 175, 176, 178, 179, 181, 182, 183, 186, 188, 197, 198, 200, 201, 206, 209, 210, 211, 214, 216, 222, 226, 228, 229, 230, 231, 233, 237, 239, 240, 242, 243, 247, 249, 250, 252, 253, 255, 259, 262, 264, 266, 267, 268, 271, 273, 274, 277, 278, 279, 280, 281, 283, 287, 288, 290, 296, 298, 301, 302, 309, 312, 313, 319, 323, 324, 326, 327, 330, 331, 333, 334, 336, 340, 341, 343, 344, 346, 347, 348, 349, 350, 351, 353, 357, 358, 360, 361, 363, 364, 366, 367, 368, 369, 370, 371, 373, 377, 385, 389, 397, 404, 407, 410, 411, 413, 418, 421, 422, 424, 425, 426, 427, 428, 429, 431, 434, 435, 436, 437, 438, 439, 441, 445, 458, 460, 467], "excluded_lines": []}, "app\\services\\meta_learning_engine.py": {"executed_lines": [], "summary": {"covered_lines": 0, "num_statements": 303, "percent_covered": 0.0, "percent_covered_display": "0", "missing_lines": 303, "excluded_lines": 0}, "missing_lines": [6, 7, 8, 9, 10, 11, 12, 13, 14, 16, 21, 22, 24, 27, 30, 31, 32, 34, 39, 40, 43, 44, 45, 48, 49, 50, 51, 54, 57, 58, 60, 62, 63, 65, 66, 67, 70, 72, 73, 74, 75, 76, 77, 80, 81, 83, 85, 90, 93, 94, 96, 97, 98, 99, 100, 102, 104, 106, 108, 109, 110, 112, 114, 116, 118, 119, 120, 121, 123, 126, 128, 130, 132, 134, 137, 142, 143, 144, 145, 147, 163, 164, 166, 181, 182, 183, 185, 186, 188, 197, 201, 202, 204, 205, 208, 209, 210, 212, 215, 218, 226, 229, 230, 233, 236, 239, 251, 254, 255, 258, 259, 260, 263, 264, 268, 269, 270, 273, 274, 277, 278, 279, 280, 281, 282, 283, 284, 285, 287, 288, 290, 292, 303, 305, 307, 308, 310, 311, 313, 315, 317, 319, 328, 329, 337, 347, 351, 352, 353, 355, 362, 364, 367, 368, 370, 373, 374, 376, 378, 379, 381, 382, 383, 384, 386, 388, 392, 393, 394, 395, 396, 397, 399, 400, 402, 404, 407, 411, 412, 415, 416, 417, 418, 419, 421, 424, 425, 427, 430, 434, 436, 437, 440, 441, 444, 445, 446, 447, 448, 450, 452, 454, 456, 458, 460, 462, 466, 468, 469, 472, 473, 474, 476, 478, 481, 482, 483, 484, 485, 486, 489, 490, 491, 492, 493, 495, 497, 499, 500, 503, 507, 508, 511, 512, 514, 516, 520, 524, 525, 527, 528, 531, 536, 542, 555, 556, 558, 559, 561, 562, 564, 570, 572, 573, 574, 576, 577, 578, 579, 582, 583, 585, 587, 590, 591, 592, 593, 594, 596, 598, 599, 600, 602, 604, 606, 608, 611, 614, 618, 619, 623, 626, 627, 628, 631, 632, 633, 634, 636, 637, 640, 641, 643, 646, 647, 648, 650, 656, 658, 659, 661, 662, 664], "excluded_lines": []}, "app\\services\\meta_learning_service.py": {"executed_lines": [], "summary": {"covered_lines": 0, "num_statements": 159, "percent_covered": 0.0, "percent_covered_display": "0", "missing_lines": 159, "excluded_lines": 0}, "missing_lines": [8, 9, 10, 11, 12, 13, 15, 18, 27, 29, 30, 32, 35, 37, 38, 41, 65, 84, 100, 114, 118, 122, 127, 128, 130, 132, 155, 156, 157, 159, 186, 187, 190, 195, 196, 198, 199, 200, 202, 213, 214, 215, 218, 226, 228, 230, 233, 234, 237, 238, 239, 240, 241, 242, 243, 245, 246, 247, 248, 249, 250, 252, 268, 285, 286, 288, 289, 291, 302, 303, 304, 306, 324, 325, 327, 328, 330, 331, 332, 334, 340, 341, 342, 343, 345, 346, 348, 349, 350, 352, 353, 354, 356, 358, 359, 361, 362, 364, 365, 366, 368, 375, 376, 377, 378, 380, 381, 383, 384, 385, 387, 388, 390, 391, 393, 394, 396, 397, 399, 400, 401, 403, 412, 413, 414, 416, 430, 431, 433, 434, 436, 437, 438, 440, 442, 443, 444, 447, 448, 451, 452, 455, 456, 459, 460, 463, 464, 467, 468, 470, 472, 483, 484, 485, 489, 492, 495, 496, 497], "excluded_lines": []}, "app\\services\\metrics_service.py": {"executed_lines": [1, 5, 6, 7, 8, 9, 10, 11, 12, 13, 14, 15, 17, 18, 20, 23, 24, 26, 27, 74, 75, 151, 152, 229, 230, 322, 323, 385, 386, 440, 441, 502, 503, 592, 593, 615, 616, 631, 632, 713, 714, 787, 788, 872, 873], "summary": {"covered_lines": 43, "num_statements": 294, "percent_covered": 14.625850340136054, "percent_covered_display": "15", "missing_lines": 251, "excluded_lines": 0}, "missing_lines": [37, 38, 39, 42, 43, 46, 47, 50, 51, 54, 55, 58, 59, 62, 63, 65, 66, 67, 69, 70, 71, 72, 85, 87, 89, 90, 99, 100, 101, 110, 111, 120, 121, 122, 131, 132, 133, 134, 135, 136, 143, 144, 146, 147, 149, 162, 164, 166, 167, 199, 200, 224, 225, 227, 240, 242, 244, 246, 247, 248, 250, 280, 281, 284, 285, 286, 317, 318, 320, 333, 335, 337, 338, 339, 371, 372, 380, 381, 383, 396, 398, 400, 401, 410, 411, 435, 436, 438, 463, 464, 465, 466, 467, 469, 471, 472, 473, 474, 475, 476, 477, 479, 480, 482, 484, 485, 488, 489, 490, 491, 492, 493, 494, 496, 498, 499, 500, 527, 528, 529, 530, 531, 534, 543, 544, 547, 548, 549, 550, 553, 554, 555, 556, 557, 558, 561, 562, 563, 564, 565, 566, 567, 568, 569, 570, 571, 572, 574, 576, 585, 586, 588, 589, 590, 603, 604, 605, 606, 607, 608, 609, 611, 612, 613, 627, 628, 629, 652, 653, 662, 663, 673, 676, 677, 678, 679, 682, 683, 686, 687, 688, 690, 693, 694, 695, 696, 697, 699, 709, 710, 711, 738, 739, 748, 749, 752, 753, 755, 758, 759, 760, 761, 764, 765, 766, 769, 770, 771, 772, 781, 783, 784, 785, 804, 805, 806, 807, 808, 810, 823, 831, 832, 838, 841, 842, 843, 844, 845, 846, 849, 850, 856, 859, 860, 866, 868, 869, 870, 880, 882, 883, 884, 885, 886, 887, 888, 891, 893, 895, 896, 898], "excluded_lines": []}, "app\\services\\ollama_service.py": {"executed_lines": [1, 14, 15, 16, 17, 18, 19, 21, 24, 25, 26, 27, 28, 29, 32, 33, 44, 61, 76, 99, 153, 248, 287, 321, 330, 345, 348, 357], "summary": {"covered_lines": 25, "num_statements": 129, "percent_covered": 19.37984496124031, "percent_covered_display": "19", "missing_lines": 104, "excluded_lines": 0}, "missing_lines": [56, 57, 58, 59, 68, 69, 70, 71, 72, 73, 74, 83, 84, 85, 89, 90, 91, 93, 94, 95, 96, 97, 114, 115, 118, 136, 137, 140, 141, 142, 145, 147, 148, 149, 151, 177, 178, 179, 180, 183, 192, 193, 195, 196, 199, 201, 202, 203, 208, 209, 212, 215, 216, 222, 223, 224, 225, 227, 237, 238, 240, 241, 242, 244, 245, 246, 266, 268, 269, 270, 271, 272, 275, 277, 278, 279, 280, 281, 282, 283, 285, 302, 303, 304, 312, 313, 314, 316, 317, 318, 319, 328, 337, 338, 339, 340, 341, 351, 352, 353, 359, 360, 361, 362], "excluded_lines": []}, "app\\services\\prompt_evaluation_service.py": {"executed_lines": [], "summary": {"covered_lines": 0, "num_statements": 257, "percent_covered": 0.0, "percent_covered_display": "0", "missing_lines": 257, "excluded_lines": 0}, "missing_lines": [6, 7, 8, 9, 10, 11, 12, 14, 15, 18, 20, 21, 22, 23, 24, 25, 26, 27, 28, 29, 32, 34, 35, 36, 37, 38, 39, 42, 44, 45, 46, 47, 48, 49, 52, 53, 55, 56, 57, 58, 59, 60, 63, 64, 66, 67, 68, 69, 70, 71, 74, 75, 77, 78, 79, 80, 81, 82, 83, 86, 89, 90, 101, 109, 121, 122, 123, 124, 127, 128, 129, 130, 133, 134, 136, 141, 142, 145, 148, 149, 152, 155, 156, 159, 162, 163, 166, 169, 187, 190, 193, 197, 213, 221, 223, 224, 226, 227, 228, 229, 231, 244, 246, 257, 259, 261, 262, 263, 265, 267, 268, 269, 271, 273, 274, 275, 278, 279, 281, 283, 292, 295, 296, 298, 299, 301, 304, 305, 306, 311, 313, 323, 333, 336, 339, 340, 341, 342, 343, 346, 349, 353, 362, 370, 373, 376, 377, 378, 380, 383, 384, 386, 388, 394, 395, 398, 399, 400, 401, 402, 403, 405, 422, 430, 433, 435, 436, 438, 439, 441, 442, 444, 445, 448, 449, 452, 453, 455, 458, 461, 463, 465, 467, 469, 471, 473, 474, 475, 477, 479, 502, 504, 506, 507, 508, 509, 510, 512, 514, 515, 516, 517, 518, 520, 528, 530, 531, 532, 534, 535, 536, 538, 539, 540, 542, 544, 546, 552, 554, 555, 561, 563, 564, 566, 567, 569, 574, 581, 583, 590, 592, 593, 595, 596, 598, 599, 601, 603, 605, 606, 607, 608, 609, 611, 621, 622, 624, 626, 627, 630, 637, 640, 641, 643, 657, 660, 670], "excluded_lines": []}, "app\\services\\sensor_service.py": {"executed_lines": [1, 5, 6, 7, 8, 9, 10, 11, 12, 13, 14, 16, 20, 22, 25, 26, 28, 29, 52, 53, 72, 73, 91, 92, 125, 126, 154, 155, 200, 201, 250, 251, 293, 294, 333, 334, 372, 373, 408, 409, 431, 432, 480, 481, 504, 505, 571, 572, 606, 607, 640, 641, 682, 683, 728, 729, 773, 774, 826, 827, 915, 916], "summary": {"covered_lines": 60, "num_statements": 452, "percent_covered": 13.274336283185841, "percent_covered_display": "13", "missing_lines": 392, "excluded_lines": 0}, "missing_lines": [40, 41, 42, 43, 44, 45, 46, 47, 48, 49, 50, 64, 65, 66, 67, 68, 69, 70, 83, 84, 85, 86, 87, 88, 89, 104, 105, 106, 107, 109, 110, 112, 113, 114, 116, 117, 118, 119, 120, 121, 122, 123, 137, 138, 139, 140, 142, 143, 145, 146, 147, 148, 149, 150, 151, 152, 165, 166, 175, 176, 177, 178, 179, 180, 181, 182, 185, 187, 189, 190, 191, 211, 213, 214, 215, 216, 217, 218, 219, 220, 221, 222, 223, 224, 225, 226, 227, 228, 229, 230, 231, 232, 233, 234, 235, 237, 238, 240, 261, 264, 265, 266, 267, 268, 269, 270, 271, 272, 273, 274, 275, 276, 277, 278, 280, 281, 283, 304, 307, 308, 309, 310, 311, 312, 313, 314, 315, 316, 317, 318, 320, 321, 323, 345, 346, 347, 348, 349, 352, 354, 355, 356, 357, 359, 361, 384, 385, 386, 389, 390, 391, 393, 395, 420, 421, 422, 423, 424, 425, 426, 427, 428, 429, 452, 453, 454, 455, 456, 458, 460, 461, 462, 463, 464, 465, 466, 468, 469, 471, 473, 474, 476, 477, 478, 492, 493, 494, 495, 496, 497, 498, 499, 500, 501, 502, 516, 518, 519, 520, 521, 524, 525, 527, 528, 529, 536, 538, 539, 540, 543, 546, 558, 559, 560, 561, 563, 564, 566, 567, 568, 569, 583, 584, 587, 588, 589, 590, 591, 592, 594, 595, 596, 597, 598, 599, 600, 601, 604, 618, 619, 621, 622, 623, 624, 626, 627, 629, 630, 632, 652, 653, 655, 656, 657, 659, 660, 662, 663, 664, 665, 667, 668, 670, 671, 673, 695, 696, 699, 700, 702, 704, 705, 707, 708, 711, 712, 713, 715, 717, 719, 741, 742, 743, 745, 746, 748, 750, 751, 753, 756, 757, 758, 760, 762, 764, 786, 787, 789, 790, 791, 792, 793, 794, 795, 797, 800, 801, 802, 804, 805, 806, 807, 808, 810, 811, 813, 814, 816, 837, 839, 840, 841, 844, 847, 848, 849, 850, 851, 852, 855, 856, 857, 858, 859, 860, 863, 864, 865, 866, 868, 871, 872, 873, 874, 875, 876, 878, 880, 895, 896, 897, 898, 899, 900, 902, 903, 904, 905, 907, 908, 910, 911, 912, 913, 923, 925, 926, 927, 928, 929, 930, 931, 934, 937, 938, 939, 940, 941, 942, 945, 948, 949, 950, 952, 953, 954, 955, 956, 958, 960, 961, 963], "excluded_lines": []}, "app\\services\\statistical_inference.py": {"executed_lines": [], "summary": {"covered_lines": 0, "num_statements": 159, "percent_covered": 0.0, "percent_covered_display": "0", "missing_lines": 159, "excluded_lines": 0}, "missing_lines": [6, 7, 8, 9, 10, 12, 15, 20, 21, 39, 40, 47, 48, 49, 50, 53, 54, 56, 57, 59, 64, 65, 70, 81, 82, 98, 99, 108, 109, 110, 111, 112, 115, 116, 117, 123, 124, 125, 126, 127, 129, 140, 141, 159, 160, 169, 170, 172, 173, 176, 179, 180, 182, 183, 185, 188, 189, 192, 193, 194, 196, 201, 211, 212, 229, 231, 233, 234, 235, 236, 237, 238, 239, 240, 242, 245, 246, 247, 248, 249, 250, 252, 253, 260, 262, 281, 282, 298, 299, 306, 307, 308, 310, 312, 313, 315, 316, 319, 321, 322, 324, 326, 328, 330, 339, 340, 356, 357, 365, 366, 369, 372, 378, 381, 382, 385, 386, 387, 389, 404, 405, 423, 424, 431, 434, 437, 438, 439, 440, 442, 445, 446, 448, 460, 461, 475, 477, 478, 479, 483, 485, 486, 487, 490, 491, 492, 494, 502, 504, 510, 511, 530, 531, 533, 536, 539, 540, 542, 544], "excluded_lines": []}, "app\\services\\synthetic_data_generators.py": {"executed_lines": [1, 8, 9, 10, 11, 12, 13, 14, 15, 16, 17, 19, 20, 21, 26, 29, 30, 32, 33, 71, 72, 86, 87, 128, 129, 173, 174, 176, 177, 205, 206, 236, 237, 266, 267, 269, 270, 291, 292, 317, 318, 343, 344, 385, 386, 412, 413, 415, 416, 454, 455, 457, 458, 459, 460, 461, 463, 558, 562], "summary": {"covered_lines": 53, "num_statements": 241, "percent_covered": 21.991701244813278, "percent_covered_display": "22", "missing_lines": 188, "excluded_lines": 0}, "missing_lines": [22, 23, 24, 44, 51, 52, 53, 56, 57, 59, 60, 61, 64, 65, 67, 69, 82, 83, 84, 98, 100, 101, 102, 103, 110, 112, 113, 114, 115, 116, 117, 118, 119, 120, 123, 124, 125, 126, 140, 141, 143, 144, 146, 158, 159, 160, 162, 163, 164, 165, 166, 167, 168, 170, 189, 192, 193, 194, 195, 196, 199, 200, 201, 203, 220, 221, 223, 224, 225, 226, 227, 229, 230, 231, 232, 234, 250, 252, 253, 254, 255, 256, 258, 259, 260, 261, 263, 282, 284, 286, 287, 288, 289, 303, 304, 306, 307, 309, 310, 311, 313, 314, 315, 329, 330, 332, 333, 335, 336, 337, 339, 340, 341, 356, 357, 359, 360, 362, 363, 364, 365, 366, 367, 369, 370, 371, 372, 374, 375, 376, 377, 378, 379, 381, 382, 383, 389, 390, 391, 392, 393, 394, 395, 396, 397, 398, 401, 402, 403, 404, 406, 407, 409, 430, 431, 434, 435, 436, 438, 473, 474, 476, 478, 479, 506, 507, 528, 529, 556, 560, 569, 570, 573, 574, 575, 578, 579, 580, 581, 582, 583, 584, 587, 588, 591, 594, 595, 597], "excluded_lines": []}, "app\\services\\synthetic_media_service.py": {"executed_lines": [1, 5, 6, 7, 8, 9, 10, 11, 12, 14, 15, 17, 18, 22, 23, 25, 28, 29, 31, 43, 138, 188, 229, 278, 394, 521, 680, 681], "summary": {"covered_lines": 26, "num_statements": 170, "percent_covered": 15.294117647058824, "percent_covered_display": "15", "missing_lines": 144, "excluded_lines": 0}, "missing_lines": [32, 33, 34, 35, 36, 39, 41, 63, 64, 65, 71, 73, 87, 90, 91, 92, 94, 95, 96, 97, 99, 100, 101, 104, 126, 127, 128, 130, 131, 133, 134, 135, 136, 154, 155, 156, 162, 163, 176, 177, 178, 180, 181, 183, 184, 185, 186, 200, 201, 202, 206, 207, 217, 218, 219, 221, 222, 224, 225, 226, 227, 242, 243, 244, 249, 250, 255, 256, 257, 258, 259, 260, 261, 262, 264, 268, 269, 271, 273, 274, 275, 276, 296, 297, 299, 301, 314, 326, 348, 349, 368, 380, 390, 391, 392, 412, 413, 415, 417, 430, 442, 475, 476, 495, 507, 517, 518, 519, 540, 541, 543, 545, 554, 562, 563, 564, 565, 567, 570, 583, 604, 605, 606, 608, 629, 630, 648, 660, 676, 677, 678, 687, 688, 691, 693, 694, 705, 706, 717, 718, 731, 733, 734, 735], "excluded_lines": []}, "app\\services\\workflow_service.py": {"executed_lines": [1, 8, 9, 10, 11, 12, 13, 15, 23, 24, 26, 39, 225, 250, 258, 282, 305, 320, 359, 369, 487, 546, 562, 577, 594, 609, 626, 652, 660, 684, 705, 727, 751, 775, 793], "summary": {"covered_lines": 33, "num_statements": 219, "percent_covered": 15.068493150684931, "percent_covered_display": "15", "missing_lines": 186, "excluded_lines": 0}, "missing_lines": [28, 29, 30, 31, 32, 33, 34, 37, 42, 109, 110, 112, 113, 131, 173, 227, 228, 245, 246, 248, 252, 253, 254, 256, 266, 268, 269, 271, 272, 275, 278, 280, 288, 289, 290, 293, 294, 295, 296, 297, 298, 300, 301, 303, 307, 308, 310, 311, 312, 314, 326, 327, 329, 330, 345, 346, 348, 349, 351, 361, 362, 363, 374, 375, 376, 378, 379, 382, 383, 398, 399, 400, 403, 411, 412, 413, 415, 417, 418, 424, 427, 434, 436, 437, 439, 442, 445, 446, 447, 448, 451, 452, 453, 454, 456, 461, 468, 470, 471, 472, 474, 475, 477, 485, 495, 502, 503, 506, 507, 508, 509, 510, 511, 512, 513, 515, 517, 519, 526, 532, 533, 541, 553, 555, 569, 571, 584, 586, 601, 603, 615, 616, 618, 619, 620, 621, 622, 624, 635, 643, 644, 646, 654, 655, 656, 658, 668, 670, 671, 673, 674, 677, 680, 682, 691, 693, 694, 697, 699, 707, 708, 709, 711, 712, 714, 721, 729, 730, 747, 749, 758, 760, 761, 764, 767, 769, 777, 778, 789, 791, 800, 802, 803, 806, 809, 811], "excluded_lines": []}}, "totals": {"covered_lines": 6062, "num_statements": 23917, "percent_covered": 25.345988209223563, "percent_covered_display": "25", "missing_lines": 17855, "excluded_lines": 0}}